<?xml version="1.0" encoding="UTF-8"?>
<testsuite name="com.example.smsw.SmartContactManagerApplicationTests" tests="1" skipped="0" failures="0" errors="0" timestamp="2024-12-10T15:51:02" hostname="DESKTOP-F0C337J" time="0.203">
  <properties/>
  <testcase name="contextLoads()" classname="com.example.smsw.SmartContactManagerApplicationTests" time="0.203"/>
  <system-out><![CDATA[23:50:57.266 [Test worker] DEBUG org.springframework.boot.test.context.SpringBootTestContextBootstrapper -- Neither @ContextConfiguration nor @ContextHierarchy found for test class [SmartContactManagerApplicationTests]: using SpringBootContextLoader
23:50:57.271 [Test worker] DEBUG org.springframework.test.context.support.AbstractContextLoader -- Could not detect default resource locations for test class [com.example.smsw.SmartContactManagerApplicationTests]: no resource found for suffixes {-context.xml, Context.groovy}.
23:50:57.273 [Test worker] INFO org.springframework.test.context.support.AnnotationConfigContextLoaderUtils -- Could not detect default configuration classes for test class [com.example.smsw.SmartContactManagerApplicationTests]: SmartContactManagerApplicationTests does not declare any static, non-private, non-final, nested classes annotated with @Configuration.
23:50:57.306 [Test worker] DEBUG org.springframework.boot.test.context.SpringBootTestContextBootstrapper -- Using ContextCustomizers for test class [SmartContactManagerApplicationTests]: [DisableObservabilityContextCustomizer, PropertyMappingContextCustomizer, Customizer, ExcludeFilterContextCustomizer, DuplicateJsonObjectContextCustomizer, MockitoContextCustomizer, TestRestTemplateContextCustomizer]
23:50:57.393 [Test worker] DEBUG org.springframework.context.annotation.ClassPathScanningCandidateComponentProvider -- Identified candidate component class: file [C:\Users\user\Documents\.Y4S1\WIF3006 CBSE\student-management\build\classes\java\main\com\example\smsw\SmartContactManagerApplication.class]
23:50:57.396 [Test worker] INFO org.springframework.boot.test.context.SpringBootTestContextBootstrapper -- Found @SpringBootConfiguration com.example.smsw.SmartContactManagerApplication for test class com.example.smsw.SmartContactManagerApplicationTests
23:50:57.525 [Test worker] DEBUG org.springframework.boot.test.context.SpringBootTestContextBootstrapper -- Using TestExecutionListeners for test class [SmartContactManagerApplicationTests]: [ServletTestExecutionListener, DirtiesContextBeforeModesTestExecutionListener, ApplicationEventsTestExecutionListener, MockitoTestExecutionListener, DependencyInjectionTestExecutionListener, DirtiesContextTestExecutionListener, TransactionalTestExecutionListener, SqlScriptsTestExecutionListener, EventPublishingTestExecutionListener, RestDocsTestExecutionListener, MockRestServiceServerResetTestExecutionListener, MockMvcPrintOnlyOnFailureTestExecutionListener, WebDriverTestExecutionListener, MockWebServiceServerTestExecutionListener, ResetMocksTestExecutionListener]
23:50:57.527 [Test worker] DEBUG org.springframework.test.context.support.AbstractDirtiesContextTestExecutionListener -- Before test class: class [SmartContactManagerApplicationTests], class annotated with @DirtiesContext [false] with mode [null]

  .   ____          _            __ _ _
 /\\ / ___'_ __ _ _(_)_ __  __ _ \ \ \ \
( ( )\___ | '_ | '_| | '_ \/ _` | \ \ \ \
 \\/  ___)| |_)| | | | | || (_| |  ) ) ) )
  '  |____| .__|_| |_|_| |_\__, | / / / /
 =========|_|==============|___/=/_/_/_/
 :: Spring Boot ::                (v3.0.5)

2024-12-10T23:50:57.871+08:00  INFO 19564 --- [    Test worker] .e.s.SmartContactManagerApplicationTests : Starting SmartContactManagerApplicationTests using Java 17.0.12 with PID 19564 (started by user in C:\Users\user\Documents\.Y4S1\WIF3006 CBSE\student-management)
2024-12-10T23:50:57.872+08:00  INFO 19564 --- [    Test worker] .e.s.SmartContactManagerApplicationTests : The following 1 profile is active: "test"
2024-12-10T23:50:57.873+08:00 DEBUG 19564 --- [    Test worker] o.s.boot.SpringApplication               : Loading source class com.example.smsw.SmartContactManagerApplication
2024-12-10T23:50:57.912+08:00 DEBUG 19564 --- [    Test worker] o.s.w.c.s.GenericWebApplicationContext   : Refreshing org.springframework.web.context.support.GenericWebApplicationContext@5486887b
2024-12-10T23:50:57.936+08:00 DEBUG 19564 --- [    Test worker] o.s.b.f.s.DefaultListableBeanFactory     : Creating shared instance of singleton bean 'org.springframework.context.annotation.internalConfigurationAnnotationProcessor'
2024-12-10T23:50:57.956+08:00 DEBUG 19564 --- [    Test worker] o.s.b.f.s.DefaultListableBeanFactory     : Creating shared instance of singleton bean 'org.springframework.boot.autoconfigure.internalCachingMetadataReaderFactory'
2024-12-10T23:50:58.008+08:00 DEBUG 19564 --- [    Test worker] o.s.c.a.ClassPathBeanDefinitionScanner   : Identified candidate component class: file [C:\Users\user\Documents\.Y4S1\WIF3006 CBSE\student-management\build\classes\java\main\com\example\smsw\controller\StudentController.class]
2024-12-10T23:50:58.013+08:00 DEBUG 19564 --- [    Test worker] o.s.c.a.ClassPathBeanDefinitionScanner   : Identified candidate component class: file [C:\Users\user\Documents\.Y4S1\WIF3006 CBSE\student-management\build\classes\java\main\com\example\smsw\service\impl\StudentServiceImpl.class]
2024-12-10T23:50:58.569+08:00  INFO 19564 --- [    Test worker] .s.d.r.c.RepositoryConfigurationDelegate : Bootstrapping Spring Data JPA repositories in DEFAULT mode.
2024-12-10T23:50:58.578+08:00 DEBUG 19564 --- [    Test worker] o.s.b.f.s.DefaultListableBeanFactory     : Creating shared instance of singleton bean 'org.springframework.boot.autoconfigure.AutoConfigurationPackages'
2024-12-10T23:50:58.587+08:00 DEBUG 19564 --- [    Test worker] o.s.b.a.AutoConfigurationPackages        : @EnableAutoConfiguration was declared on a class in the package 'com.example.smsw'. Automatic @Repository and @Entity scanning is enabled.
2024-12-10T23:50:58.588+08:00 DEBUG 19564 --- [    Test worker] .s.d.r.c.RepositoryConfigurationDelegate : Scanning for JPA repositories in packages com.example.smsw.
2024-12-10T23:50:58.603+08:00 DEBUG 19564 --- [    Test worker] o.s.d.r.c.RepositoryComponentProvider    : Identified candidate component class: file [C:\Users\user\Documents\.Y4S1\WIF3006 CBSE\student-management\build\classes\java\main\com\example\smsw\repository\StudentRepository.class]
2024-12-10T23:50:58.637+08:00 DEBUG 19564 --- [    Test worker] ssPathScanningCandidateComponentProvider : Identified candidate component class: file [C:\Users\user\Documents\.Y4S1\WIF3006 CBSE\student-management\build\classes\java\main\com\example\smsw\service\impl\StudentServiceImpl.class]
2024-12-10T23:50:58.653+08:00  INFO 19564 --- [    Test worker] .s.d.r.c.RepositoryConfigurationDelegate : Finished Spring Data repository scanning in 63 ms. Found 1 JPA repository interfaces.
2024-12-10T23:50:58.841+08:00 DEBUG 19564 --- [    Test worker] o.s.b.f.s.DefaultListableBeanFactory     : Creating shared instance of singleton bean 'propertySourcesPlaceholderConfigurer'
2024-12-10T23:50:58.844+08:00 DEBUG 19564 --- [    Test worker] o.s.b.f.s.DefaultListableBeanFactory     : Creating shared instance of singleton bean 'org.springframework.boot.test.mock.mockito.MockitoPostProcessor'
2024-12-10T23:50:58.846+08:00 DEBUG 19564 --- [    Test worker] o.s.b.f.s.DefaultListableBeanFactory     : Creating shared instance of singleton bean 'emBeanDefinitionRegistrarPostProcessor'
2024-12-10T23:50:58.846+08:00 DEBUG 19564 --- [    Test worker] o.s.b.f.s.DefaultListableBeanFactory     : Creating shared instance of singleton bean 'org.springframework.boot.sql.init.dependency.DatabaseInitializationDependencyConfigurer$DependsOnDatabaseInitializationPostProcessor'
2024-12-10T23:50:58.895+08:00 DEBUG 19564 --- [    Test worker] o.s.b.f.s.DefaultListableBeanFactory     : Creating shared instance of singleton bean 'org.springframework.context.event.internalEventListenerProcessor'
2024-12-10T23:50:58.897+08:00 DEBUG 19564 --- [    Test worker] o.s.b.f.s.DefaultListableBeanFactory     : Creating shared instance of singleton bean 'preserveErrorControllerTargetClassPostProcessor'
2024-12-10T23:50:58.898+08:00 DEBUG 19564 --- [    Test worker] o.s.b.f.s.DefaultListableBeanFactory     : Creating shared instance of singleton bean 'org.springframework.context.event.internalEventListenerFactory'
2024-12-10T23:50:58.899+08:00 DEBUG 19564 --- [    Test worker] o.s.b.f.s.DefaultListableBeanFactory     : Creating shared instance of singleton bean 'org.springframework.transaction.config.internalTransactionalEventListenerFactory'
2024-12-10T23:50:58.903+08:00 DEBUG 19564 --- [    Test worker] o.s.b.f.s.DefaultListableBeanFactory     : Creating shared instance of singleton bean 'org.springframework.boot.test.mock.mockito.MockitoPostProcessor$SpyPostProcessor'
2024-12-10T23:50:58.904+08:00 DEBUG 19564 --- [    Test worker] o.s.b.f.s.DefaultListableBeanFactory     : Creating shared instance of singleton bean 'org.springframework.context.annotation.internalAutowiredAnnotationProcessor'
2024-12-10T23:50:58.907+08:00 DEBUG 19564 --- [    Test worker] o.s.b.f.s.DefaultListableBeanFactory     : Creating shared instance of singleton bean 'org.springframework.context.annotation.internalCommonAnnotationProcessor'
2024-12-10T23:50:58.912+08:00 DEBUG 19564 --- [    Test worker] o.s.b.f.s.DefaultListableBeanFactory     : Creating shared instance of singleton bean 'org.springframework.context.annotation.internalPersistenceAnnotationProcessor'
2024-12-10T23:50:58.913+08:00 DEBUG 19564 --- [    Test worker] o.s.b.f.s.DefaultListableBeanFactory     : Creating shared instance of singleton bean 'org.springframework.boot.context.properties.ConfigurationPropertiesBindingPostProcessor'
2024-12-10T23:50:58.913+08:00 DEBUG 19564 --- [    Test worker] o.s.b.f.s.DefaultListableBeanFactory     : Creating shared instance of singleton bean 'org.springframework.boot.context.internalConfigurationPropertiesBinder'
2024-12-10T23:50:58.917+08:00 DEBUG 19564 --- [    Test worker] o.s.b.f.s.DefaultListableBeanFactory     : Creating shared instance of singleton bean 'org.springframework.aop.config.internalAutoProxyCreator'
2024-12-10T23:50:58.944+08:00 DEBUG 19564 --- [    Test worker] o.s.b.f.s.DefaultListableBeanFactory     : Creating shared instance of singleton bean 'persistenceExceptionTranslationPostProcessor'
2024-12-10T23:50:58.956+08:00 DEBUG 19564 --- [    Test worker] o.s.b.f.s.DefaultListableBeanFactory     : Autowiring by type from bean name 'persistenceExceptionTranslationPostProcessor' via factory method to bean named 'environment'
2024-12-10T23:50:58.963+08:00 DEBUG 19564 --- [    Test worker] o.s.b.f.s.DefaultListableBeanFactory     : Creating shared instance of singleton bean 'webServerFactoryCustomizerBeanPostProcessor'
2024-12-10T23:50:58.964+08:00 DEBUG 19564 --- [    Test worker] o.s.b.f.s.DefaultListableBeanFactory     : Creating shared instance of singleton bean 'errorPageRegistrarBeanPostProcessor'
2024-12-10T23:50:58.965+08:00 DEBUG 19564 --- [    Test worker] o.s.b.f.s.DefaultListableBeanFactory     : Creating shared instance of singleton bean 'projectingArgumentResolverBeanPostProcessor'
2024-12-10T23:50:58.966+08:00 DEBUG 19564 --- [    Test worker] o.s.b.f.s.DefaultListableBeanFactory     : Creating shared instance of singleton bean 'org.springframework.transaction.config.internalTransactionAdvisor'
2024-12-10T23:50:58.967+08:00 DEBUG 19564 --- [    Test worker] o.s.b.f.s.DefaultListableBeanFactory     : Creating shared instance of singleton bean 'org.springframework.transaction.annotation.ProxyTransactionManagementConfiguration'
2024-12-10T23:50:58.976+08:00 DEBUG 19564 --- [    Test worker] o.s.b.f.s.DefaultListableBeanFactory     : Creating shared instance of singleton bean 'transactionAttributeSource'
2024-12-10T23:50:58.977+08:00 DEBUG 19564 --- [    Test worker] o.s.b.f.s.DefaultListableBeanFactory     : Creating shared instance of singleton bean 'transactionInterceptor'
2024-12-10T23:50:58.978+08:00 DEBUG 19564 --- [    Test worker] o.s.b.f.s.DefaultListableBeanFactory     : Autowiring by type from bean name 'transactionInterceptor' via factory method to bean named 'transactionAttributeSource'
2024-12-10T23:50:58.984+08:00 DEBUG 19564 --- [    Test worker] o.s.b.f.s.DefaultListableBeanFactory     : Autowiring by type from bean name 'org.springframework.transaction.config.internalTransactionAdvisor' via factory method to bean named 'transactionAttributeSource'
2024-12-10T23:50:58.985+08:00 DEBUG 19564 --- [    Test worker] o.s.b.f.s.DefaultListableBeanFactory     : Autowiring by type from bean name 'org.springframework.transaction.config.internalTransactionAdvisor' via factory method to bean named 'transactionInterceptor'
2024-12-10T23:50:59.013+08:00 DEBUG 19564 --- [    Test worker] o.s.u.c.s.UiApplicationContextUtils      : Unable to locate ThemeSource with name 'themeSource': using default [org.springframework.ui.context.support.ResourceBundleThemeSource@20580d4e]
2024-12-10T23:50:59.014+08:00 DEBUG 19564 --- [    Test worker] o.s.b.f.s.DefaultListableBeanFactory     : Creating shared instance of singleton bean 'dataSourceScriptDatabaseInitializer'
2024-12-10T23:50:59.014+08:00 DEBUG 19564 --- [    Test worker] o.s.b.f.s.DefaultListableBeanFactory     : Creating shared instance of singleton bean 'org.springframework.boot.autoconfigure.sql.init.DataSourceInitializationConfiguration'
2024-12-10T23:50:59.016+08:00 DEBUG 19564 --- [    Test worker] o.s.b.f.s.DefaultListableBeanFactory     : Creating shared instance of singleton bean 'dataSource'
2024-12-10T23:50:59.016+08:00 DEBUG 19564 --- [    Test worker] o.s.b.f.s.DefaultListableBeanFactory     : Creating shared instance of singleton bean 'org.springframework.boot.autoconfigure.jdbc.DataSourceConfiguration$Hikari'
2024-12-10T23:50:59.017+08:00 DEBUG 19564 --- [    Test worker] o.s.b.f.s.DefaultListableBeanFactory     : Creating shared instance of singleton bean 'spring.datasource-org.springframework.boot.autoconfigure.jdbc.DataSourceProperties'
2024-12-10T23:50:59.019+08:00 DEBUG 19564 --- [    Test worker] o.s.b.f.s.DefaultListableBeanFactory     : Creating shared instance of singleton bean 'org.springframework.boot.context.properties.BoundConfigurationProperties'
2024-12-10T23:50:59.043+08:00 DEBUG 19564 --- [    Test worker] o.s.b.f.s.DefaultListableBeanFactory     : Autowiring by type from bean name 'dataSource' via factory method to bean named 'spring.datasource-org.springframework.boot.autoconfigure.jdbc.DataSourceProperties'
2024-12-10T23:50:59.062+08:00 DEBUG 19564 --- [    Test worker] o.s.b.f.s.DefaultListableBeanFactory     : Creating shared instance of singleton bean 'spring.sql.init-org.springframework.boot.autoconfigure.sql.init.SqlInitializationProperties'
2024-12-10T23:50:59.068+08:00 DEBUG 19564 --- [    Test worker] o.s.b.f.s.DefaultListableBeanFactory     : Autowiring by type from bean name 'dataSourceScriptDatabaseInitializer' via factory method to bean named 'dataSource'
2024-12-10T23:50:59.068+08:00 DEBUG 19564 --- [    Test worker] o.s.b.f.s.DefaultListableBeanFactory     : Autowiring by type from bean name 'dataSourceScriptDatabaseInitializer' via factory method to bean named 'spring.sql.init-org.springframework.boot.autoconfigure.sql.init.SqlInitializationProperties'
2024-12-10T23:50:59.074+08:00 DEBUG 19564 --- [    Test worker] o.s.b.f.s.DefaultListableBeanFactory     : Creating shared instance of singleton bean 'entityManagerFactory'
2024-12-10T23:50:59.074+08:00 DEBUG 19564 --- [    Test worker] o.s.b.f.s.DefaultListableBeanFactory     : Creating shared instance of singleton bean 'org.springframework.boot.autoconfigure.orm.jpa.HibernateJpaConfiguration'
2024-12-10T23:50:59.075+08:00 DEBUG 19564 --- [    Test worker] o.s.b.f.s.DefaultListableBeanFactory     : Creating shared instance of singleton bean 'spring.jpa-org.springframework.boot.autoconfigure.orm.jpa.JpaProperties'
2024-12-10T23:50:59.079+08:00 DEBUG 19564 --- [    Test worker] o.s.b.f.s.DefaultListableBeanFactory     : Creating shared instance of singleton bean 'spring.jpa.hibernate-org.springframework.boot.autoconfigure.orm.jpa.HibernateProperties'
2024-12-10T23:50:59.082+08:00 DEBUG 19564 --- [    Test worker] o.s.b.f.s.DefaultListableBeanFactory     : Autowiring by type from bean name 'org.springframework.boot.autoconfigure.orm.jpa.HibernateJpaConfiguration' via constructor to bean named 'dataSource'
2024-12-10T23:50:59.082+08:00 DEBUG 19564 --- [    Test worker] o.s.b.f.s.DefaultListableBeanFactory     : Autowiring by type from bean name 'org.springframework.boot.autoconfigure.orm.jpa.HibernateJpaConfiguration' via constructor to bean named 'spring.jpa-org.springframework.boot.autoconfigure.orm.jpa.JpaProperties'
2024-12-10T23:50:59.082+08:00 DEBUG 19564 --- [    Test worker] o.s.b.f.s.DefaultListableBeanFactory     : Autowiring by type from bean name 'org.springframework.boot.autoconfigure.orm.jpa.HibernateJpaConfiguration' via constructor to bean named 'org.springframework.beans.factory.support.DefaultListableBeanFactory@55ecbafe'
2024-12-10T23:50:59.082+08:00 DEBUG 19564 --- [    Test worker] o.s.b.f.s.DefaultListableBeanFactory     : Autowiring by type from bean name 'org.springframework.boot.autoconfigure.orm.jpa.HibernateJpaConfiguration' via constructor to bean named 'spring.jpa.hibernate-org.springframework.boot.autoconfigure.orm.jpa.HibernateProperties'
2024-12-10T23:50:59.085+08:00 DEBUG 19564 --- [    Test worker] o.s.b.f.s.DefaultListableBeanFactory     : Creating shared instance of singleton bean 'hikariPoolDataSourceMetadataProvider'
2024-12-10T23:50:59.086+08:00 DEBUG 19564 --- [    Test worker] o.s.b.f.s.DefaultListableBeanFactory     : Creating shared instance of singleton bean 'org.springframework.boot.autoconfigure.jdbc.metadata.DataSourcePoolMetadataProvidersConfiguration$HikariPoolDataSourceMetadataProviderConfiguration'
2024-12-10T23:50:59.093+08:00 DEBUG 19564 --- [    Test worker] o.s.b.f.s.DefaultListableBeanFactory     : Creating shared instance of singleton bean 'entityManagerFactoryBuilder'
2024-12-10T23:50:59.095+08:00 DEBUG 19564 --- [    Test worker] o.s.b.f.s.DefaultListableBeanFactory     : Creating shared instance of singleton bean 'jpaVendorAdapter'
2024-12-10T23:50:59.117+08:00 DEBUG 19564 --- [    Test worker] o.s.b.f.s.DefaultListableBeanFactory     : Autowiring by type from bean name 'entityManagerFactoryBuilder' via factory method to bean named 'jpaVendorAdapter'
2024-12-10T23:50:59.121+08:00 DEBUG 19564 --- [    Test worker] o.s.b.f.s.DefaultListableBeanFactory     : Creating shared instance of singleton bean 'persistenceManagedTypes'
2024-12-10T23:50:59.122+08:00 DEBUG 19564 --- [    Test worker] o.s.b.f.s.DefaultListableBeanFactory     : Autowiring by type from bean name 'persistenceManagedTypes' via factory method to bean named 'org.springframework.beans.factory.support.DefaultListableBeanFactory@55ecbafe'
2024-12-10T23:50:59.123+08:00 DEBUG 19564 --- [    Test worker] o.s.b.f.s.DefaultListableBeanFactory     : Autowiring by type from bean name 'persistenceManagedTypes' via factory method to bean named 'org.springframework.web.context.support.GenericWebApplicationContext@5486887b'
2024-12-10T23:50:59.134+08:00 DEBUG 19564 --- [    Test worker] o.s.b.f.s.DefaultListableBeanFactory     : Autowiring by type from bean name 'entityManagerFactory' via factory method to bean named 'entityManagerFactoryBuilder'
2024-12-10T23:50:59.135+08:00 DEBUG 19564 --- [    Test worker] o.s.b.f.s.DefaultListableBeanFactory     : Autowiring by type from bean name 'entityManagerFactory' via factory method to bean named 'persistenceManagedTypes'
2024-12-10T23:50:59.166+08:00 DEBUG 19564 --- [    Test worker] j.LocalContainerEntityManagerFactoryBean : Building JPA container EntityManagerFactory for persistence unit 'default'
2024-12-10T23:50:59.190+08:00 DEBUG 19564 --- [    Test worker] o.hibernate.jpa.internal.util.LogHelper  : PersistenceUnitInfo [
	name: default
	persistence provider classname: null
	classloader: jdk.internal.loader.ClassLoaders$AppClassLoader@c387f44
	excludeUnlistedClasses: true
	JTA datasource: null
	Non JTA datasource: HikariDataSource (null)
	Transaction type: RESOURCE_LOCAL
	PU root URL: file:/C:/Users/user/Documents/.Y4S1/WIF3006%20CBSE/student-management/build/classes/java/test/
	Shared Cache Mode: UNSPECIFIED
	Validation Mode: AUTO
	Jar files URLs []
	Managed classes names [
		com.example.smsw.entity.Student]
	Mapping files names []
	Properties []
2024-12-10T23:50:59.208+08:00 DEBUG 19564 --- [    Test worker] o.h.i.internal.IntegratorServiceImpl     : Adding Integrator [org.hibernate.cfg.beanvalidation.BeanValidationIntegrator].
2024-12-10T23:50:59.210+08:00 DEBUG 19564 --- [    Test worker] o.h.i.internal.IntegratorServiceImpl     : Adding Integrator [org.hibernate.cache.internal.CollectionCacheInvalidator].
2024-12-10T23:50:59.255+08:00  INFO 19564 --- [    Test worker] org.hibernate.Version                    : HHH000412: Hibernate ORM core version 6.1.7.Final
2024-12-10T23:50:59.257+08:00 DEBUG 19564 --- [    Test worker] org.hibernate.cfg.Environment            : HHH000206: hibernate.properties not found
2024-12-10T23:50:59.468+08:00 DEBUG 19564 --- [    Test worker] org.hibernate.orm.idgen.factory          : Registering IdentifierGenerator strategy [uuid2] -> [org.hibernate.id.UUIDGenerator]
2024-12-10T23:50:59.468+08:00 DEBUG 19564 --- [    Test worker] org.hibernate.orm.idgen.factory          : Registering IdentifierGenerator strategy [guid] -> [org.hibernate.id.GUIDGenerator]
2024-12-10T23:50:59.469+08:00 DEBUG 19564 --- [    Test worker] org.hibernate.orm.idgen.factory          : Registering IdentifierGenerator strategy [uuid] -> [org.hibernate.id.UUIDHexGenerator]
2024-12-10T23:50:59.470+08:00 DEBUG 19564 --- [    Test worker] org.hibernate.orm.idgen.factory          : Registering IdentifierGenerator strategy [uuid.hex] -> [org.hibernate.id.UUIDHexGenerator]
2024-12-10T23:50:59.470+08:00 DEBUG 19564 --- [    Test worker] org.hibernate.orm.idgen.factory          : Registering IdentifierGenerator strategy [assigned] -> [org.hibernate.id.Assigned]
2024-12-10T23:50:59.472+08:00 DEBUG 19564 --- [    Test worker] org.hibernate.orm.idgen.factory          : Registering IdentifierGenerator strategy [identity] -> [org.hibernate.id.IdentityGenerator]
2024-12-10T23:50:59.472+08:00 DEBUG 19564 --- [    Test worker] org.hibernate.orm.idgen.factory          : Registering IdentifierGenerator strategy [select] -> [org.hibernate.id.SelectGenerator]
2024-12-10T23:50:59.474+08:00 DEBUG 19564 --- [    Test worker] org.hibernate.orm.idgen.factory          : Registering IdentifierGenerator strategy [sequence] -> [org.hibernate.id.enhanced.SequenceStyleGenerator]
2024-12-10T23:50:59.474+08:00 DEBUG 19564 --- [    Test worker] org.hibernate.orm.idgen.factory          : Registering IdentifierGenerator strategy [increment] -> [org.hibernate.id.IncrementGenerator]
2024-12-10T23:50:59.475+08:00 DEBUG 19564 --- [    Test worker] org.hibernate.orm.idgen.factory          : Registering IdentifierGenerator strategy [foreign] -> [org.hibernate.id.ForeignGenerator]
2024-12-10T23:50:59.476+08:00 DEBUG 19564 --- [    Test worker] org.hibernate.orm.idgen.factory          : Registering IdentifierGenerator strategy [enhanced-sequence] -> [org.hibernate.id.enhanced.SequenceStyleGenerator]
2024-12-10T23:50:59.477+08:00 DEBUG 19564 --- [    Test worker] org.hibernate.orm.idgen.factory          : Registering IdentifierGenerator strategy [enhanced-table] -> [org.hibernate.id.enhanced.TableGenerator]
2024-12-10T23:50:59.481+08:00 DEBUG 19564 --- [    Test worker] o.h.c.internal.RegionFactoryInitiator    : Cannot default RegionFactory based on registered strategies as `[]` RegionFactory strategies were registered
2024-12-10T23:50:59.483+08:00 DEBUG 19564 --- [    Test worker] o.h.c.internal.RegionFactoryInitiator    : Cache region factory : org.hibernate.cache.internal.NoCachingRegionFactory
2024-12-10T23:50:59.566+08:00 DEBUG 19564 --- [    Test worker] o.h.t.d.jdbc.spi.JdbcTypeRegistry        : addDescriptor(FloatTypeDescriptor) replaced previous registration(DoubleTypeDescriptor)
2024-12-10T23:50:59.585+08:00 DEBUG 19564 --- [    Test worker] org.hibernate.type.BasicTypeRegistry     : Adding type registration boolean -> org.hibernate.type.BasicTypeReference@77324a58
2024-12-10T23:50:59.586+08:00 DEBUG 19564 --- [    Test worker] org.hibernate.type.BasicTypeRegistry     : Adding type registration boolean -> org.hibernate.type.BasicTypeReference@77324a58
2024-12-10T23:50:59.586+08:00 DEBUG 19564 --- [    Test worker] org.hibernate.type.BasicTypeRegistry     : Adding type registration java.lang.Boolean -> org.hibernate.type.BasicTypeReference@77324a58
2024-12-10T23:50:59.586+08:00 DEBUG 19564 --- [    Test worker] org.hibernate.type.BasicTypeRegistry     : Adding type registration numeric_boolean -> org.hibernate.type.BasicTypeReference@2c7c0e36
2024-12-10T23:50:59.586+08:00 DEBUG 19564 --- [    Test worker] org.hibernate.type.BasicTypeRegistry     : Adding type registration org.hibernate.type.NumericBooleanConverter -> org.hibernate.type.BasicTypeReference@2c7c0e36
2024-12-10T23:50:59.586+08:00 DEBUG 19564 --- [    Test worker] org.hibernate.type.BasicTypeRegistry     : Adding type registration true_false -> org.hibernate.type.BasicTypeReference@307cf964
2024-12-10T23:50:59.586+08:00 DEBUG 19564 --- [    Test worker] org.hibernate.type.BasicTypeRegistry     : Adding type registration org.hibernate.type.TrueFalseConverter -> org.hibernate.type.BasicTypeReference@307cf964
2024-12-10T23:50:59.586+08:00 DEBUG 19564 --- [    Test worker] org.hibernate.type.BasicTypeRegistry     : Adding type registration yes_no -> org.hibernate.type.BasicTypeReference@374ccb9
2024-12-10T23:50:59.586+08:00 DEBUG 19564 --- [    Test worker] org.hibernate.type.BasicTypeRegistry     : Adding type registration org.hibernate.type.YesNoConverter -> org.hibernate.type.BasicTypeReference@374ccb9
2024-12-10T23:50:59.586+08:00 DEBUG 19564 --- [    Test worker] org.hibernate.type.BasicTypeRegistry     : Adding type registration byte -> org.hibernate.type.BasicTypeReference@66713605
2024-12-10T23:50:59.586+08:00 DEBUG 19564 --- [    Test worker] org.hibernate.type.BasicTypeRegistry     : Adding type registration byte -> org.hibernate.type.BasicTypeReference@66713605
2024-12-10T23:50:59.586+08:00 DEBUG 19564 --- [    Test worker] org.hibernate.type.BasicTypeRegistry     : Adding type registration java.lang.Byte -> org.hibernate.type.BasicTypeReference@66713605
2024-12-10T23:50:59.586+08:00 DEBUG 19564 --- [    Test worker] org.hibernate.type.BasicTypeRegistry     : Adding type registration binary -> org.hibernate.type.BasicTypeReference@2ab09943
2024-12-10T23:50:59.586+08:00 DEBUG 19564 --- [    Test worker] org.hibernate.type.BasicTypeRegistry     : Adding type registration byte[] -> org.hibernate.type.BasicTypeReference@2ab09943
2024-12-10T23:50:59.587+08:00 DEBUG 19564 --- [    Test worker] org.hibernate.type.BasicTypeRegistry     : Adding type registration [B -> org.hibernate.type.BasicTypeReference@2ab09943
2024-12-10T23:50:59.587+08:00 DEBUG 19564 --- [    Test worker] org.hibernate.type.BasicTypeRegistry     : Adding type registration binary_wrapper -> org.hibernate.type.BasicTypeReference@7d50f2a8
2024-12-10T23:50:59.587+08:00 DEBUG 19564 --- [    Test worker] org.hibernate.type.BasicTypeRegistry     : Adding type registration wrapper-binary -> org.hibernate.type.BasicTypeReference@7d50f2a8
2024-12-10T23:50:59.587+08:00 DEBUG 19564 --- [    Test worker] org.hibernate.type.BasicTypeRegistry     : Adding type registration Byte[] -> org.hibernate.type.BasicTypeReference@7d50f2a8
2024-12-10T23:50:59.587+08:00 DEBUG 19564 --- [    Test worker] org.hibernate.type.BasicTypeRegistry     : Adding type registration [Ljava.lang.Byte; -> org.hibernate.type.BasicTypeReference@7d50f2a8
2024-12-10T23:50:59.587+08:00 DEBUG 19564 --- [    Test worker] org.hibernate.type.BasicTypeRegistry     : Adding type registration image -> org.hibernate.type.BasicTypeReference@5864e8bf
2024-12-10T23:50:59.587+08:00 DEBUG 19564 --- [    Test worker] org.hibernate.type.BasicTypeRegistry     : Adding type registration blob -> org.hibernate.type.BasicTypeReference@37ca3ca8
2024-12-10T23:50:59.587+08:00 DEBUG 19564 --- [    Test worker] org.hibernate.type.BasicTypeRegistry     : Adding type registration java.sql.Blob -> org.hibernate.type.BasicTypeReference@37ca3ca8
2024-12-10T23:50:59.587+08:00 DEBUG 19564 --- [    Test worker] org.hibernate.type.BasicTypeRegistry     : Adding type registration materialized_blob -> org.hibernate.type.BasicTypeReference@191ec193
2024-12-10T23:50:59.587+08:00 DEBUG 19564 --- [    Test worker] org.hibernate.type.BasicTypeRegistry     : Adding type registration materialized_blob_wrapper -> org.hibernate.type.BasicTypeReference@6321a5aa
2024-12-10T23:50:59.587+08:00 DEBUG 19564 --- [    Test worker] org.hibernate.type.BasicTypeRegistry     : Adding type registration short -> org.hibernate.type.BasicTypeReference@1c7f9861
2024-12-10T23:50:59.587+08:00 DEBUG 19564 --- [    Test worker] org.hibernate.type.BasicTypeRegistry     : Adding type registration short -> org.hibernate.type.BasicTypeReference@1c7f9861
2024-12-10T23:50:59.587+08:00 DEBUG 19564 --- [    Test worker] org.hibernate.type.BasicTypeRegistry     : Adding type registration java.lang.Short -> org.hibernate.type.BasicTypeReference@1c7f9861
2024-12-10T23:50:59.587+08:00 DEBUG 19564 --- [    Test worker] org.hibernate.type.BasicTypeRegistry     : Adding type registration integer -> org.hibernate.type.BasicTypeReference@7a36c83a
2024-12-10T23:50:59.588+08:00 DEBUG 19564 --- [    Test worker] org.hibernate.type.BasicTypeRegistry     : Adding type registration int -> org.hibernate.type.BasicTypeReference@7a36c83a
2024-12-10T23:50:59.588+08:00 DEBUG 19564 --- [    Test worker] org.hibernate.type.BasicTypeRegistry     : Adding type registration java.lang.Integer -> org.hibernate.type.BasicTypeReference@7a36c83a
2024-12-10T23:50:59.588+08:00 DEBUG 19564 --- [    Test worker] org.hibernate.type.BasicTypeRegistry     : Adding type registration long -> org.hibernate.type.BasicTypeReference@154b8cb6
2024-12-10T23:50:59.588+08:00 DEBUG 19564 --- [    Test worker] org.hibernate.type.BasicTypeRegistry     : Adding type registration long -> org.hibernate.type.BasicTypeReference@154b8cb6
2024-12-10T23:50:59.588+08:00 DEBUG 19564 --- [    Test worker] org.hibernate.type.BasicTypeRegistry     : Adding type registration java.lang.Long -> org.hibernate.type.BasicTypeReference@154b8cb6
2024-12-10T23:50:59.588+08:00 DEBUG 19564 --- [    Test worker] org.hibernate.type.BasicTypeRegistry     : Adding type registration float -> org.hibernate.type.BasicTypeReference@7b297740
2024-12-10T23:50:59.588+08:00 DEBUG 19564 --- [    Test worker] org.hibernate.type.BasicTypeRegistry     : Adding type registration float -> org.hibernate.type.BasicTypeReference@7b297740
2024-12-10T23:50:59.588+08:00 DEBUG 19564 --- [    Test worker] org.hibernate.type.BasicTypeRegistry     : Adding type registration java.lang.Float -> org.hibernate.type.BasicTypeReference@7b297740
2024-12-10T23:50:59.588+08:00 DEBUG 19564 --- [    Test worker] org.hibernate.type.BasicTypeRegistry     : Adding type registration double -> org.hibernate.type.BasicTypeReference@1b7554d4
2024-12-10T23:50:59.588+08:00 DEBUG 19564 --- [    Test worker] org.hibernate.type.BasicTypeRegistry     : Adding type registration double -> org.hibernate.type.BasicTypeReference@1b7554d4
2024-12-10T23:50:59.588+08:00 DEBUG 19564 --- [    Test worker] org.hibernate.type.BasicTypeRegistry     : Adding type registration java.lang.Double -> org.hibernate.type.BasicTypeReference@1b7554d4
2024-12-10T23:50:59.588+08:00 DEBUG 19564 --- [    Test worker] org.hibernate.type.BasicTypeRegistry     : Adding type registration big_integer -> org.hibernate.type.BasicTypeReference@57ce2898
2024-12-10T23:50:59.588+08:00 DEBUG 19564 --- [    Test worker] org.hibernate.type.BasicTypeRegistry     : Adding type registration java.math.BigInteger -> org.hibernate.type.BasicTypeReference@57ce2898
2024-12-10T23:50:59.588+08:00 DEBUG 19564 --- [    Test worker] org.hibernate.type.BasicTypeRegistry     : Adding type registration big_decimal -> org.hibernate.type.BasicTypeReference@1ea930eb
2024-12-10T23:50:59.589+08:00 DEBUG 19564 --- [    Test worker] org.hibernate.type.BasicTypeRegistry     : Adding type registration java.math.BigDecimal -> org.hibernate.type.BasicTypeReference@1ea930eb
2024-12-10T23:50:59.589+08:00 DEBUG 19564 --- [    Test worker] org.hibernate.type.BasicTypeRegistry     : Adding type registration character -> org.hibernate.type.BasicTypeReference@2e0ad709
2024-12-10T23:50:59.589+08:00 DEBUG 19564 --- [    Test worker] org.hibernate.type.BasicTypeRegistry     : Adding type registration char -> org.hibernate.type.BasicTypeReference@2e0ad709
2024-12-10T23:50:59.589+08:00 DEBUG 19564 --- [    Test worker] org.hibernate.type.BasicTypeRegistry     : Adding type registration java.lang.Character -> org.hibernate.type.BasicTypeReference@2e0ad709
2024-12-10T23:50:59.589+08:00 DEBUG 19564 --- [    Test worker] org.hibernate.type.BasicTypeRegistry     : Adding type registration character_nchar -> org.hibernate.type.BasicTypeReference@1fe8f5e8
2024-12-10T23:50:59.589+08:00 DEBUG 19564 --- [    Test worker] org.hibernate.type.BasicTypeRegistry     : Adding type registration string -> org.hibernate.type.BasicTypeReference@39449465
2024-12-10T23:50:59.589+08:00 DEBUG 19564 --- [    Test worker] org.hibernate.type.BasicTypeRegistry     : Adding type registration java.lang.String -> org.hibernate.type.BasicTypeReference@39449465
2024-12-10T23:50:59.589+08:00 DEBUG 19564 --- [    Test worker] org.hibernate.type.BasicTypeRegistry     : Adding type registration nstring -> org.hibernate.type.BasicTypeReference@6e3dd5ce
2024-12-10T23:50:59.589+08:00 DEBUG 19564 --- [    Test worker] org.hibernate.type.BasicTypeRegistry     : Adding type registration characters -> org.hibernate.type.BasicTypeReference@16f7f59f
2024-12-10T23:50:59.589+08:00 DEBUG 19564 --- [    Test worker] org.hibernate.type.BasicTypeRegistry     : Adding type registration char[] -> org.hibernate.type.BasicTypeReference@16f7f59f
2024-12-10T23:50:59.589+08:00 DEBUG 19564 --- [    Test worker] org.hibernate.type.BasicTypeRegistry     : Adding type registration [C -> org.hibernate.type.BasicTypeReference@16f7f59f
2024-12-10T23:50:59.589+08:00 DEBUG 19564 --- [    Test worker] org.hibernate.type.BasicTypeRegistry     : Adding type registration wrapper-characters -> org.hibernate.type.BasicTypeReference@4ee8051c
2024-12-10T23:50:59.589+08:00 DEBUG 19564 --- [    Test worker] org.hibernate.type.BasicTypeRegistry     : Adding type registration [Ljava.lang.Character; -> org.hibernate.type.BasicTypeReference@4ee8051c
2024-12-10T23:50:59.589+08:00 DEBUG 19564 --- [    Test worker] org.hibernate.type.BasicTypeRegistry     : Adding type registration Character[] -> org.hibernate.type.BasicTypeReference@4ee8051c
2024-12-10T23:50:59.590+08:00 DEBUG 19564 --- [    Test worker] org.hibernate.type.BasicTypeRegistry     : Adding type registration text -> org.hibernate.type.BasicTypeReference@53125718
2024-12-10T23:50:59.590+08:00 DEBUG 19564 --- [    Test worker] org.hibernate.type.BasicTypeRegistry     : Adding type registration ntext -> org.hibernate.type.BasicTypeReference@53016b11
2024-12-10T23:50:59.590+08:00 DEBUG 19564 --- [    Test worker] org.hibernate.type.BasicTypeRegistry     : Adding type registration clob -> org.hibernate.type.BasicTypeReference@7af327e3
2024-12-10T23:50:59.590+08:00 DEBUG 19564 --- [    Test worker] org.hibernate.type.BasicTypeRegistry     : Adding type registration java.sql.Clob -> org.hibernate.type.BasicTypeReference@7af327e3
2024-12-10T23:50:59.590+08:00 DEBUG 19564 --- [    Test worker] org.hibernate.type.BasicTypeRegistry     : Adding type registration nclob -> org.hibernate.type.BasicTypeReference@743d0d44
2024-12-10T23:50:59.590+08:00 DEBUG 19564 --- [    Test worker] org.hibernate.type.BasicTypeRegistry     : Adding type registration java.sql.NClob -> org.hibernate.type.BasicTypeReference@743d0d44
2024-12-10T23:50:59.590+08:00 DEBUG 19564 --- [    Test worker] org.hibernate.type.BasicTypeRegistry     : Adding type registration materialized_clob -> org.hibernate.type.BasicTypeReference@35563e4c
2024-12-10T23:50:59.590+08:00 DEBUG 19564 --- [    Test worker] org.hibernate.type.BasicTypeRegistry     : Adding type registration materialized_clob_char_array -> org.hibernate.type.BasicTypeReference@6dd79214
2024-12-10T23:50:59.590+08:00 DEBUG 19564 --- [    Test worker] org.hibernate.type.BasicTypeRegistry     : Adding type registration materialized_clob_character_array -> org.hibernate.type.BasicTypeReference@ef86c72
2024-12-10T23:50:59.590+08:00 DEBUG 19564 --- [    Test worker] org.hibernate.type.BasicTypeRegistry     : Adding type registration materialized_nclob -> org.hibernate.type.BasicTypeReference@123307c4
2024-12-10T23:50:59.590+08:00 DEBUG 19564 --- [    Test worker] org.hibernate.type.BasicTypeRegistry     : Adding type registration materialized_nclob_character_array -> org.hibernate.type.BasicTypeReference@1693ff90
2024-12-10T23:50:59.590+08:00 DEBUG 19564 --- [    Test worker] org.hibernate.type.BasicTypeRegistry     : Adding type registration materialized_nclob_char_array -> org.hibernate.type.BasicTypeReference@47058864
2024-12-10T23:50:59.591+08:00 DEBUG 19564 --- [    Test worker] org.hibernate.type.BasicTypeRegistry     : Adding type registration Duration -> org.hibernate.type.BasicTypeReference@ad3f70a
2024-12-10T23:50:59.591+08:00 DEBUG 19564 --- [    Test worker] org.hibernate.type.BasicTypeRegistry     : Adding type registration java.time.Duration -> org.hibernate.type.BasicTypeReference@ad3f70a
2024-12-10T23:50:59.591+08:00 DEBUG 19564 --- [    Test worker] org.hibernate.type.BasicTypeRegistry     : Adding type registration LocalDateTime -> org.hibernate.type.BasicTypeReference@54ccb3
2024-12-10T23:50:59.591+08:00 DEBUG 19564 --- [    Test worker] org.hibernate.type.BasicTypeRegistry     : Adding type registration java.time.LocalDateTime -> org.hibernate.type.BasicTypeReference@54ccb3
2024-12-10T23:50:59.591+08:00 DEBUG 19564 --- [    Test worker] org.hibernate.type.BasicTypeRegistry     : Adding type registration LocalDate -> org.hibernate.type.BasicTypeReference@9b2dc56
2024-12-10T23:50:59.591+08:00 DEBUG 19564 --- [    Test worker] org.hibernate.type.BasicTypeRegistry     : Adding type registration java.time.LocalDate -> org.hibernate.type.BasicTypeReference@9b2dc56
2024-12-10T23:50:59.591+08:00 DEBUG 19564 --- [    Test worker] org.hibernate.type.BasicTypeRegistry     : Adding type registration LocalTime -> org.hibernate.type.BasicTypeReference@621f23ac
2024-12-10T23:50:59.591+08:00 DEBUG 19564 --- [    Test worker] org.hibernate.type.BasicTypeRegistry     : Adding type registration java.time.LocalTime -> org.hibernate.type.BasicTypeReference@621f23ac
2024-12-10T23:50:59.591+08:00 DEBUG 19564 --- [    Test worker] org.hibernate.type.BasicTypeRegistry     : Adding type registration OffsetDateTime -> org.hibernate.type.BasicTypeReference@7761e342
2024-12-10T23:50:59.591+08:00 DEBUG 19564 --- [    Test worker] org.hibernate.type.BasicTypeRegistry     : Adding type registration java.time.OffsetDateTime -> org.hibernate.type.BasicTypeReference@7761e342
2024-12-10T23:50:59.591+08:00 DEBUG 19564 --- [    Test worker] org.hibernate.type.BasicTypeRegistry     : Adding type registration OffsetDateTimeWithTimezone -> org.hibernate.type.BasicTypeReference@51f68849
2024-12-10T23:50:59.591+08:00 DEBUG 19564 --- [    Test worker] org.hibernate.type.BasicTypeRegistry     : Adding type registration OffsetDateTimeWithoutTimezone -> org.hibernate.type.BasicTypeReference@4eb9ae4d
2024-12-10T23:50:59.591+08:00 DEBUG 19564 --- [    Test worker] org.hibernate.type.BasicTypeRegistry     : Adding type registration OffsetTime -> org.hibernate.type.BasicTypeReference@5520f675
2024-12-10T23:50:59.591+08:00 DEBUG 19564 --- [    Test worker] org.hibernate.type.BasicTypeRegistry     : Adding type registration java.time.OffsetTime -> org.hibernate.type.BasicTypeReference@5520f675
2024-12-10T23:50:59.591+08:00 DEBUG 19564 --- [    Test worker] org.hibernate.type.BasicTypeRegistry     : Adding type registration ZonedDateTime -> org.hibernate.type.BasicTypeReference@2d237460
2024-12-10T23:50:59.591+08:00 DEBUG 19564 --- [    Test worker] org.hibernate.type.BasicTypeRegistry     : Adding type registration java.time.ZonedDateTime -> org.hibernate.type.BasicTypeReference@2d237460
2024-12-10T23:50:59.592+08:00 DEBUG 19564 --- [    Test worker] org.hibernate.type.BasicTypeRegistry     : Adding type registration ZonedDateTimeWithTimezone -> org.hibernate.type.BasicTypeReference@48f2054d
2024-12-10T23:50:59.592+08:00 DEBUG 19564 --- [    Test worker] org.hibernate.type.BasicTypeRegistry     : Adding type registration ZonedDateTimeWithoutTimezone -> org.hibernate.type.BasicTypeReference@4b3a01d8
2024-12-10T23:50:59.592+08:00 DEBUG 19564 --- [    Test worker] org.hibernate.type.BasicTypeRegistry     : Adding type registration date -> org.hibernate.type.BasicTypeReference@19fbc594
2024-12-10T23:50:59.592+08:00 DEBUG 19564 --- [    Test worker] org.hibernate.type.BasicTypeRegistry     : Adding type registration java.sql.Date -> org.hibernate.type.BasicTypeReference@19fbc594
2024-12-10T23:50:59.592+08:00 DEBUG 19564 --- [    Test worker] org.hibernate.type.BasicTypeRegistry     : Adding type registration time -> org.hibernate.type.BasicTypeReference@2f4d32bf
2024-12-10T23:50:59.592+08:00 DEBUG 19564 --- [    Test worker] org.hibernate.type.BasicTypeRegistry     : Adding type registration java.sql.Time -> org.hibernate.type.BasicTypeReference@2f4d32bf
2024-12-10T23:50:59.592+08:00 DEBUG 19564 --- [    Test worker] org.hibernate.type.BasicTypeRegistry     : Adding type registration timestamp -> org.hibernate.type.BasicTypeReference@774d8276
2024-12-10T23:50:59.592+08:00 DEBUG 19564 --- [    Test worker] org.hibernate.type.BasicTypeRegistry     : Adding type registration java.sql.Timestamp -> org.hibernate.type.BasicTypeReference@774d8276
2024-12-10T23:50:59.592+08:00 DEBUG 19564 --- [    Test worker] org.hibernate.type.BasicTypeRegistry     : Adding type registration java.util.Date -> org.hibernate.type.BasicTypeReference@774d8276
2024-12-10T23:50:59.592+08:00 DEBUG 19564 --- [    Test worker] org.hibernate.type.BasicTypeRegistry     : Adding type registration calendar -> org.hibernate.type.BasicTypeReference@6ce26986
2024-12-10T23:50:59.592+08:00 DEBUG 19564 --- [    Test worker] org.hibernate.type.BasicTypeRegistry     : Adding type registration java.util.Calendar -> org.hibernate.type.BasicTypeReference@6ce26986
2024-12-10T23:50:59.592+08:00 DEBUG 19564 --- [    Test worker] org.hibernate.type.BasicTypeRegistry     : Adding type registration java.util.GregorianCalendar -> org.hibernate.type.BasicTypeReference@6ce26986
2024-12-10T23:50:59.592+08:00 DEBUG 19564 --- [    Test worker] org.hibernate.type.BasicTypeRegistry     : Adding type registration calendar_date -> org.hibernate.type.BasicTypeReference@2bf2d6eb
2024-12-10T23:50:59.592+08:00 DEBUG 19564 --- [    Test worker] org.hibernate.type.BasicTypeRegistry     : Adding type registration calendar_time -> org.hibernate.type.BasicTypeReference@6d6cd1e0
2024-12-10T23:50:59.593+08:00 DEBUG 19564 --- [    Test worker] org.hibernate.type.BasicTypeRegistry     : Adding type registration instant -> org.hibernate.type.BasicTypeReference@76a9a009
2024-12-10T23:50:59.593+08:00 DEBUG 19564 --- [    Test worker] org.hibernate.type.BasicTypeRegistry     : Adding type registration java.time.Instant -> org.hibernate.type.BasicTypeReference@76a9a009
2024-12-10T23:50:59.593+08:00 DEBUG 19564 --- [    Test worker] org.hibernate.type.BasicTypeRegistry     : Adding type registration uuid -> org.hibernate.type.BasicTypeReference@9785903
2024-12-10T23:50:59.593+08:00 DEBUG 19564 --- [    Test worker] org.hibernate.type.BasicTypeRegistry     : Adding type registration java.util.UUID -> org.hibernate.type.BasicTypeReference@9785903
2024-12-10T23:50:59.593+08:00 DEBUG 19564 --- [    Test worker] org.hibernate.type.BasicTypeRegistry     : Adding type registration pg-uuid -> org.hibernate.type.BasicTypeReference@9785903
2024-12-10T23:50:59.593+08:00 DEBUG 19564 --- [    Test worker] org.hibernate.type.BasicTypeRegistry     : Adding type registration uuid-binary -> org.hibernate.type.BasicTypeReference@34009349
2024-12-10T23:50:59.593+08:00 DEBUG 19564 --- [    Test worker] org.hibernate.type.BasicTypeRegistry     : Adding type registration uuid-char -> org.hibernate.type.BasicTypeReference@3f68a7f8
2024-12-10T23:50:59.593+08:00 DEBUG 19564 --- [    Test worker] org.hibernate.type.BasicTypeRegistry     : Adding type registration class -> org.hibernate.type.BasicTypeReference@4faf1f4
2024-12-10T23:50:59.593+08:00 DEBUG 19564 --- [    Test worker] org.hibernate.type.BasicTypeRegistry     : Adding type registration java.lang.Class -> org.hibernate.type.BasicTypeReference@4faf1f4
2024-12-10T23:50:59.593+08:00 DEBUG 19564 --- [    Test worker] org.hibernate.type.BasicTypeRegistry     : Adding type registration currency -> org.hibernate.type.BasicTypeReference@4f811029
2024-12-10T23:50:59.593+08:00 DEBUG 19564 --- [    Test worker] org.hibernate.type.BasicTypeRegistry     : Adding type registration Currency -> org.hibernate.type.BasicTypeReference@4f811029
2024-12-10T23:50:59.594+08:00 DEBUG 19564 --- [    Test worker] org.hibernate.type.BasicTypeRegistry     : Adding type registration java.util.Currency -> org.hibernate.type.BasicTypeReference@4f811029
2024-12-10T23:50:59.594+08:00 DEBUG 19564 --- [    Test worker] org.hibernate.type.BasicTypeRegistry     : Adding type registration locale -> org.hibernate.type.BasicTypeReference@7f2b584b
2024-12-10T23:50:59.594+08:00 DEBUG 19564 --- [    Test worker] org.hibernate.type.BasicTypeRegistry     : Adding type registration java.util.Locale -> org.hibernate.type.BasicTypeReference@7f2b584b
2024-12-10T23:50:59.594+08:00 DEBUG 19564 --- [    Test worker] org.hibernate.type.BasicTypeRegistry     : Adding type registration serializable -> org.hibernate.type.BasicTypeReference@5866731
2024-12-10T23:50:59.594+08:00 DEBUG 19564 --- [    Test worker] org.hibernate.type.BasicTypeRegistry     : Adding type registration java.io.Serializable -> org.hibernate.type.BasicTypeReference@5866731
2024-12-10T23:50:59.594+08:00 DEBUG 19564 --- [    Test worker] org.hibernate.type.BasicTypeRegistry     : Adding type registration timezone -> org.hibernate.type.BasicTypeReference@56a05324
2024-12-10T23:50:59.594+08:00 DEBUG 19564 --- [    Test worker] org.hibernate.type.BasicTypeRegistry     : Adding type registration java.util.TimeZone -> org.hibernate.type.BasicTypeReference@56a05324
2024-12-10T23:50:59.594+08:00 DEBUG 19564 --- [    Test worker] org.hibernate.type.BasicTypeRegistry     : Adding type registration ZoneOffset -> org.hibernate.type.BasicTypeReference@11e71181
2024-12-10T23:50:59.594+08:00 DEBUG 19564 --- [    Test worker] org.hibernate.type.BasicTypeRegistry     : Adding type registration java.time.ZoneOffset -> org.hibernate.type.BasicTypeReference@11e71181
2024-12-10T23:50:59.594+08:00 DEBUG 19564 --- [    Test worker] org.hibernate.type.BasicTypeRegistry     : Adding type registration url -> org.hibernate.type.BasicTypeReference@342beaf6
2024-12-10T23:50:59.594+08:00 DEBUG 19564 --- [    Test worker] org.hibernate.type.BasicTypeRegistry     : Adding type registration java.net.URL -> org.hibernate.type.BasicTypeReference@342beaf6
2024-12-10T23:50:59.594+08:00 DEBUG 19564 --- [    Test worker] org.hibernate.type.BasicTypeRegistry     : Adding type registration row_version -> org.hibernate.type.BasicTypeReference@222acad
2024-12-10T23:50:59.607+08:00 DEBUG 19564 --- [    Test worker] org.hibernate.type.BasicTypeRegistry     : Adding type registration dbtimestamp -> org.hibernate.type.DbTimestampType@751d7425
2024-12-10T23:50:59.608+08:00 DEBUG 19564 --- [    Test worker] org.hibernate.type.BasicTypeRegistry     : Adding type registration dbtimestamp -> org.hibernate.type.DbTimestampType@751d7425
2024-12-10T23:50:59.610+08:00 DEBUG 19564 --- [    Test worker] org.hibernate.type.BasicTypeRegistry     : Adding type registration object -> org.hibernate.type.JavaObjectType@582a3b19
2024-12-10T23:50:59.610+08:00 DEBUG 19564 --- [    Test worker] org.hibernate.type.BasicTypeRegistry     : Adding type registration java.lang.Object -> org.hibernate.type.JavaObjectType@582a3b19
2024-12-10T23:50:59.611+08:00 DEBUG 19564 --- [    Test worker] org.hibernate.type.BasicTypeRegistry     : Adding type registration null -> org.hibernate.type.NullType@6f15f52a
2024-12-10T23:50:59.612+08:00 DEBUG 19564 --- [    Test worker] org.hibernate.type.BasicTypeRegistry     : Adding type registration imm_date -> org.hibernate.type.BasicTypeReference@1eb9bf60
2024-12-10T23:50:59.612+08:00 DEBUG 19564 --- [    Test worker] org.hibernate.type.BasicTypeRegistry     : Adding type registration imm_time -> org.hibernate.type.BasicTypeReference@341c6ac2
2024-12-10T23:50:59.612+08:00 DEBUG 19564 --- [    Test worker] org.hibernate.type.BasicTypeRegistry     : Adding type registration imm_timestamp -> org.hibernate.type.BasicTypeReference@38811103
2024-12-10T23:50:59.613+08:00 DEBUG 19564 --- [    Test worker] org.hibernate.type.BasicTypeRegistry     : Adding type registration imm_calendar -> org.hibernate.type.BasicTypeReference@787d1f9c
2024-12-10T23:50:59.613+08:00 DEBUG 19564 --- [    Test worker] org.hibernate.type.BasicTypeRegistry     : Adding type registration imm_calendar_date -> org.hibernate.type.BasicTypeReference@2becfd4c
2024-12-10T23:50:59.613+08:00 DEBUG 19564 --- [    Test worker] org.hibernate.type.BasicTypeRegistry     : Adding type registration imm_calendar_time -> org.hibernate.type.BasicTypeReference@7c71c889
2024-12-10T23:50:59.613+08:00 DEBUG 19564 --- [    Test worker] org.hibernate.type.BasicTypeRegistry     : Adding type registration imm_binary -> org.hibernate.type.BasicTypeReference@4cc8d70d
2024-12-10T23:50:59.613+08:00 DEBUG 19564 --- [    Test worker] org.hibernate.type.BasicTypeRegistry     : Adding type registration imm_serializable -> org.hibernate.type.BasicTypeReference@5c59a0f7
2024-12-10T23:50:59.619+08:00 DEBUG 19564 --- [    Test worker] o.h.boot.internal.BootstrapContextImpl   : Injecting JPA temp ClassLoader [org.springframework.instrument.classloading.SimpleThrowawayClassLoader@4b28a7bf] into BootstrapContext; was [null]
2024-12-10T23:50:59.620+08:00 DEBUG 19564 --- [    Test worker] o.h.boot.internal.ClassLoaderAccessImpl  : ClassLoaderAccessImpl#injectTempClassLoader(org.springframework.instrument.classloading.SimpleThrowawayClassLoader@4b28a7bf) [was null]
2024-12-10T23:50:59.621+08:00 DEBUG 19564 --- [    Test worker] o.h.boot.internal.BootstrapContextImpl   : Injecting ScanEnvironment [org.hibernate.jpa.boot.internal.StandardJpaScanEnvironmentImpl@787178b1] into BootstrapContext; was [null]
2024-12-10T23:50:59.621+08:00 DEBUG 19564 --- [    Test worker] o.h.boot.internal.BootstrapContextImpl   : Injecting ScanOptions [org.hibernate.boot.archive.scan.internal.StandardScanOptions@24a4e2c5] into BootstrapContext; was [org.hibernate.boot.archive.scan.internal.StandardScanOptions@27da994b]
2024-12-10T23:50:59.635+08:00 DEBUG 19564 --- [    Test worker] o.h.boot.internal.BootstrapContextImpl   : Injecting JPA temp ClassLoader [null] into BootstrapContext; was [org.springframework.instrument.classloading.SimpleThrowawayClassLoader@4b28a7bf]
2024-12-10T23:50:59.635+08:00 DEBUG 19564 --- [    Test worker] o.h.boot.internal.ClassLoaderAccessImpl  : ClassLoaderAccessImpl#injectTempClassLoader(null) [was org.springframework.instrument.classloading.SimpleThrowawayClassLoader@4b28a7bf]
2024-12-10T23:50:59.650+08:00  INFO 19564 --- [    Test worker] com.zaxxer.hikari.HikariDataSource       : HikariPool-1 - Starting...
2024-12-10T23:50:59.897+08:00  INFO 19564 --- [    Test worker] com.zaxxer.hikari.pool.HikariPool        : HikariPool-1 - Added connection conn0: url=jdbc:h2:mem:testdb user=SA
2024-12-10T23:50:59.899+08:00  INFO 19564 --- [    Test worker] com.zaxxer.hikari.HikariDataSource       : HikariPool-1 - Start completed.
2024-12-10T23:50:59.907+08:00 DEBUG 19564 --- [    Test worker] o.h.e.j.e.i.JdbcEnvironmentInitiator     : Database ->
       name : H2
    version : 2.1.214 (2022-06-13)
      major : 2
      minor : 1
2024-12-10T23:50:59.907+08:00 DEBUG 19564 --- [    Test worker] o.h.e.j.e.i.JdbcEnvironmentInitiator     : Driver ->
       name : H2 JDBC Driver
    version : 2.1.214 (2022-06-13)
      major : 2
      minor : 1
2024-12-10T23:50:59.907+08:00 DEBUG 19564 --- [    Test worker] o.h.e.j.e.i.JdbcEnvironmentInitiator     : JDBC version : 4.2
2024-12-10T23:50:59.923+08:00  INFO 19564 --- [    Test worker] SQL dialect                              : HHH000400: Using dialect: org.hibernate.dialect.H2Dialect
2024-12-10T23:50:59.931+08:00 DEBUG 19564 --- [    Test worker] o.h.e.j.env.spi.IdentifierHelperBuilder  : JDBC driver metadata reported database stores quoted identifiers in neither upper, lower nor mixed case
2024-12-10T23:50:59.954+08:00 DEBUG 19564 --- [    Test worker] o.h.t.d.jdbc.spi.JdbcTypeRegistry        : addDescriptor(NCharTypeDescriptor) replaced previous registration(CharTypeDescriptor)
2024-12-10T23:50:59.954+08:00 DEBUG 19564 --- [    Test worker] o.h.t.d.jdbc.spi.JdbcTypeRegistry        : addDescriptor(NVarcharTypeDescriptor) replaced previous registration(VarcharTypeDescriptor)
2024-12-10T23:50:59.955+08:00 DEBUG 19564 --- [    Test worker] o.h.t.d.jdbc.spi.JdbcTypeRegistry        : addDescriptor(LongNVarcharTypeDescriptor) replaced previous registration(LongVarcharTypeDescriptor)
2024-12-10T23:50:59.956+08:00 DEBUG 19564 --- [    Test worker] o.h.t.d.jdbc.spi.JdbcTypeRegistry        : addDescriptor(NClobTypeDescriptor(DEFAULT)) replaced previous registration(ClobTypeDescriptor(DEFAULT))
2024-12-10T23:50:59.957+08:00 DEBUG 19564 --- [    Test worker] o.h.t.d.jdbc.spi.JdbcTypeRegistry        : addDescriptor(2005, ClobTypeDescriptor(STREAM_BINDING)) replaced previous registration(ClobTypeDescriptor(DEFAULT))
2024-12-10T23:50:59.960+08:00 DEBUG 19564 --- [    Test worker] o.h.t.d.jdbc.spi.JdbcTypeRegistry        : addDescriptor(3003, TimestampUtcDescriptor) replaced previous registration(TimestampUtcDescriptor)
2024-12-10T23:50:59.967+08:00 DEBUG 19564 --- [    Test worker] org.hibernate.type.BasicTypeRegistry     : Adding type registration org.hibernate.type.OffsetDateTimeType -> basicType@1(java.time.OffsetDateTime,93)
2024-12-10T23:50:59.968+08:00 DEBUG 19564 --- [    Test worker] org.hibernate.type.BasicTypeRegistry     : Adding type registration OffsetDateTime -> basicType@1(java.time.OffsetDateTime,93)
2024-12-10T23:50:59.968+08:00 DEBUG 19564 --- [    Test worker] org.hibernate.type.BasicTypeRegistry     : Adding type registration java.time.OffsetDateTime -> basicType@1(java.time.OffsetDateTime,93)
2024-12-10T23:50:59.968+08:00 DEBUG 19564 --- [    Test worker] org.hibernate.type.BasicTypeRegistry     : Adding type registration org.hibernate.type.ZonedDateTimeType -> basicType@2(java.time.ZonedDateTime,93)
2024-12-10T23:50:59.968+08:00 DEBUG 19564 --- [    Test worker] org.hibernate.type.BasicTypeRegistry     : Adding type registration ZonedDateTime -> basicType@2(java.time.ZonedDateTime,93)
2024-12-10T23:50:59.968+08:00 DEBUG 19564 --- [    Test worker] org.hibernate.type.BasicTypeRegistry     : Adding type registration java.time.ZonedDateTime -> basicType@2(java.time.ZonedDateTime,93)
2024-12-10T23:50:59.970+08:00 DEBUG 19564 --- [    Test worker] o.h.type.spi.TypeConfiguration$Scope     : Scoping TypeConfiguration [org.hibernate.type.spi.TypeConfiguration@58aa5c94] to MetadataBuildingContext [org.hibernate.boot.internal.MetadataBuildingContextRootImpl@5d27b4c1]
2024-12-10T23:51:00.007+08:00 DEBUG 19564 --- [    Test worker] o.h.boot.model.relational.Namespace      : Created database namespace [logicalName=Name{catalog=null, schema=null}, physicalName=Name{catalog=null, schema=null}]
2024-12-10T23:51:00.034+08:00 DEBUG 19564 --- [    Test worker] o.h.cfg.annotations.EntityBinder         : Binding entity from annotated class: com.example.smsw.entity.Student
2024-12-10T23:51:00.046+08:00 DEBUG 19564 --- [    Test worker] org.hibernate.cfg.AnnotatedColumn        : Binding column: DiscriminatorColumn{logicalColumnName'DTYPE', discriminatorTypeName='string'}
2024-12-10T23:51:00.053+08:00 DEBUG 19564 --- [    Test worker] o.h.cfg.annotations.EntityBinder         : Import with entity name Student
2024-12-10T23:51:00.060+08:00 DEBUG 19564 --- [    Test worker] o.h.cfg.annotations.EntityBinder         : Bind entity com.example.smsw.entity.Student on table students
2024-12-10T23:51:00.082+08:00 DEBUG 19564 --- [    Test worker] org.hibernate.cfg.AnnotatedColumn        : Binding column: Column{table=Table(students), mappingColumn=id, insertable=true, updatable=true, unique=false}
2024-12-10T23:51:00.085+08:00 DEBUG 19564 --- [    Test worker] o.h.boot.internal.ClassLoaderAccessImpl  : Not known whether passed class name [com.example.smsw.entity.Student] is safe
2024-12-10T23:51:00.086+08:00 DEBUG 19564 --- [    Test worker] o.h.boot.internal.ClassLoaderAccessImpl  : No temp ClassLoader provided; using live ClassLoader for loading potentially unsafe class : com.example.smsw.entity.Student
2024-12-10T23:51:00.087+08:00 DEBUG 19564 --- [    Test worker] o.h.cfg.annotations.PropertyBinder       : MetadataSourceProcessor property id with lazy=false
2024-12-10T23:51:00.092+08:00 DEBUG 19564 --- [    Test worker] o.hibernate.cfg.AbstractPropertyHolder   : Attempting to locate auto-apply AttributeConverter for property [com.example.smsw.entity.Student:id]
2024-12-10T23:51:00.098+08:00 DEBUG 19564 --- [    Test worker] o.h.cfg.annotations.BasicValueBinder     : building BasicValue for id
2024-12-10T23:51:00.102+08:00 DEBUG 19564 --- [    Test worker] org.hibernate.mapping.BasicValue         : Skipping column re-registration: students.id
2024-12-10T23:51:00.103+08:00 DEBUG 19564 --- [    Test worker] o.h.cfg.annotations.PropertyBinder       : Building property id
2024-12-10T23:51:00.107+08:00 DEBUG 19564 --- [    Test worker] org.hibernate.cfg.BinderHelper           : #makeIdGenerator(BasicValue([Column(id)]), id, identity, , ...)
2024-12-10T23:51:00.109+08:00 DEBUG 19564 --- [    Test worker] org.hibernate.cfg.AnnotatedColumn        : Binding column: Column{table=Table(students), mappingColumn=college_name, insertable=true, updatable=true, unique=false}
2024-12-10T23:51:00.110+08:00 DEBUG 19564 --- [    Test worker] o.h.cfg.annotations.PropertyBinder       : MetadataSourceProcessor property collegeName with lazy=false
2024-12-10T23:51:00.110+08:00 DEBUG 19564 --- [    Test worker] o.hibernate.cfg.AbstractPropertyHolder   : Attempting to locate auto-apply AttributeConverter for property [com.example.smsw.entity.Student:collegeName]
2024-12-10T23:51:00.110+08:00 DEBUG 19564 --- [    Test worker] o.h.cfg.annotations.BasicValueBinder     : building BasicValue for collegeName
2024-12-10T23:51:00.110+08:00 DEBUG 19564 --- [    Test worker] org.hibernate.mapping.BasicValue         : Skipping column re-registration: students.college_name
2024-12-10T23:51:00.110+08:00 DEBUG 19564 --- [    Test worker] o.h.cfg.annotations.PropertyBinder       : Building property collegeName
2024-12-10T23:51:00.110+08:00 DEBUG 19564 --- [    Test worker] org.hibernate.cfg.AnnotatedColumn        : Binding column: Column{table=Table(students), mappingColumn=email, insertable=true, updatable=true, unique=false}
2024-12-10T23:51:00.111+08:00 DEBUG 19564 --- [    Test worker] o.h.cfg.annotations.PropertyBinder       : MetadataSourceProcessor property email with lazy=false
2024-12-10T23:51:00.111+08:00 DEBUG 19564 --- [    Test worker] o.hibernate.cfg.AbstractPropertyHolder   : Attempting to locate auto-apply AttributeConverter for property [com.example.smsw.entity.Student:email]
2024-12-10T23:51:00.111+08:00 DEBUG 19564 --- [    Test worker] o.h.cfg.annotations.BasicValueBinder     : building BasicValue for email
2024-12-10T23:51:00.111+08:00 DEBUG 19564 --- [    Test worker] org.hibernate.mapping.BasicValue         : Skipping column re-registration: students.email
2024-12-10T23:51:00.111+08:00 DEBUG 19564 --- [    Test worker] o.h.cfg.annotations.PropertyBinder       : Building property email
2024-12-10T23:51:00.111+08:00 DEBUG 19564 --- [    Test worker] org.hibernate.cfg.AnnotatedColumn        : Binding column: Column{table=Table(students), mappingColumn=first_name, insertable=true, updatable=true, unique=false}
2024-12-10T23:51:00.112+08:00 DEBUG 19564 --- [    Test worker] o.h.cfg.annotations.PropertyBinder       : MetadataSourceProcessor property firstName with lazy=false
2024-12-10T23:51:00.112+08:00 DEBUG 19564 --- [    Test worker] o.hibernate.cfg.AbstractPropertyHolder   : Attempting to locate auto-apply AttributeConverter for property [com.example.smsw.entity.Student:firstName]
2024-12-10T23:51:00.112+08:00 DEBUG 19564 --- [    Test worker] o.h.cfg.annotations.BasicValueBinder     : building BasicValue for firstName
2024-12-10T23:51:00.112+08:00 DEBUG 19564 --- [    Test worker] org.hibernate.mapping.BasicValue         : Skipping column re-registration: students.first_name
2024-12-10T23:51:00.112+08:00 DEBUG 19564 --- [    Test worker] o.h.cfg.annotations.PropertyBinder       : Building property firstName
2024-12-10T23:51:00.112+08:00 DEBUG 19564 --- [    Test worker] org.hibernate.cfg.AnnotatedColumn        : Binding column: Column{table=Table(students), mappingColumn=last_name, insertable=true, updatable=true, unique=false}
2024-12-10T23:51:00.113+08:00 DEBUG 19564 --- [    Test worker] o.h.cfg.annotations.PropertyBinder       : MetadataSourceProcessor property lastName with lazy=false
2024-12-10T23:51:00.113+08:00 DEBUG 19564 --- [    Test worker] o.hibernate.cfg.AbstractPropertyHolder   : Attempting to locate auto-apply AttributeConverter for property [com.example.smsw.entity.Student:lastName]
2024-12-10T23:51:00.113+08:00 DEBUG 19564 --- [    Test worker] o.h.cfg.annotations.BasicValueBinder     : building BasicValue for lastName
2024-12-10T23:51:00.113+08:00 DEBUG 19564 --- [    Test worker] org.hibernate.mapping.BasicValue         : Skipping column re-registration: students.last_name
2024-12-10T23:51:00.113+08:00 DEBUG 19564 --- [    Test worker] o.h.cfg.annotations.PropertyBinder       : Building property lastName
2024-12-10T23:51:00.123+08:00 DEBUG 19564 --- [    Test worker] o.h.cfg.annotations.BasicValueBinder     : Starting `BasicValueBinder#fillSimpleValue` for id
2024-12-10T23:51:00.123+08:00 DEBUG 19564 --- [    Test worker] o.h.cfg.annotations.BasicValueBinder     : Starting `BasicValueBinder#fillSimpleValue` for collegeName
2024-12-10T23:51:00.127+08:00 DEBUG 19564 --- [    Test worker] o.h.cfg.annotations.BasicValueBinder     : Starting `BasicValueBinder#fillSimpleValue` for email
2024-12-10T23:51:00.127+08:00 DEBUG 19564 --- [    Test worker] o.h.cfg.annotations.BasicValueBinder     : Starting `BasicValueBinder#fillSimpleValue` for firstName
2024-12-10T23:51:00.127+08:00 DEBUG 19564 --- [    Test worker] o.h.cfg.annotations.BasicValueBinder     : Starting `BasicValueBinder#fillSimpleValue` for lastName
2024-12-10T23:51:00.133+08:00 DEBUG 19564 --- [    Test worker] org.hibernate.mapping.PrimaryKey         : Forcing column [id] to be non-null as it is part of the primary key for table [students]
2024-12-10T23:51:00.202+08:00 DEBUG 19564 --- [    Test worker] o.hibernate.internal.SessionFactoryImpl  : Building session factory
2024-12-10T23:51:00.265+08:00 DEBUG 19564 --- [    Test worker] .h.s.i.SessionFactoryServiceRegistryImpl : EventListenerRegistry access via ServiceRegistry is deprecated.  Use `sessionFactory.getEventEngine().getListenerRegistry()` instead
2024-12-10T23:51:00.271+08:00 DEBUG 19564 --- [    Test worker] o.hibernate.internal.SessionFactoryImpl  : Session factory constructed with filter configurations : {}
2024-12-10T23:51:00.271+08:00 DEBUG 19564 --- [    Test worker] o.hibernate.internal.SessionFactoryImpl  : Instantiating session factory with properties: {java.specification.version=17, sun.cpu.isalist=amd64, hibernate.resource.beans.container=org.springframework.orm.hibernate5.SpringBeanContainer@3ec082a1, hibernate.connection.handling_mode=DELAYED_ACQUISITION_AND_HOLD, sun.jnu.encoding=Cp1252, hibernate.dialect=org.hibernate.dialect.H2Dialect, org.gradle.test.worker=12, hibernate.implicit_naming_strategy=org.springframework.boot.orm.jpa.hibernate.SpringImplicitNamingStrategy, java.class.path=C:\Users\user\.gradle\caches\8.11\workerMain\gradle-worker.jar;C:\Users\user\Documents\.Y4S1\WIF3006 CBSE\student-management\build\classes\java\test;C:\Users\user\Documents\.Y4S1\WIF3006 CBSE\student-management\build\resources\test;C:\Users\user\Documents\.Y4S1\WIF3006 CBSE\student-management\build\classes\java\main;C:\Users\user\Documents\.Y4S1\WIF3006 CBSE\student-management\build\resources\main;C:\Users\user\.gradle\caches\modules-2\files-2.1\org.springframework.boot\spring-boot-starter-data-jpa\3.0.5\3878bf2b2555fc1d38a9ebde0169eec4eaf6bf1c\spring-boot-starter-data-jpa-3.0.5.jar;C:\Users\user\.gradle\caches\modules-2\files-2.1\org.springframework.boot\spring-boot-starter-thymeleaf\3.0.5\e23e18da18a7eef641be6797e74de61ac7b399bd\spring-boot-starter-thymeleaf-3.0.5.jar;C:\Users\user\.gradle\caches\modules-2\files-2.1\org.springframework.boot\spring-boot-starter-web\3.0.5\c8f9a85fed134963b69cb2f2a0dcf151047b6cd1\spring-boot-starter-web-3.0.5.jar;C:\Users\user\.gradle\caches\modules-2\files-2.1\org.springframework.boot\spring-boot-starter-test\3.0.5\cf9fd5d146ce335eaec708b5bde40445f94ee813\spring-boot-starter-test-3.0.5.jar;C:\Users\user\.gradle\caches\modules-2\files-2.1\com.h2database\h2\2.1.214\d5c2005c9e3279201e12d4776c948578b16bf8b2\h2-2.1.214.jar;C:\Users\user\.gradle\caches\modules-2\files-2.1\org.springframework.boot\spring-boot-starter-aop\3.0.5\99559481bff53a47999f0fc9bdb5d89999a9e8d0\spring-boot-starter-aop-3.0.5.jar;C:\Users\user\.gradle\caches\modules-2\files-2.1\org.springframework.boot\spring-boot-starter-jdbc\3.0.5\289da3f406133ff2f35c4f61fdc43e5112e45404\spring-boot-starter-jdbc-3.0.5.jar;C:\Users\user\.gradle\caches\modules-2\files-2.1\org.hibernate.orm\hibernate-core\6.1.7.Final\343f47b34c96fe9c44bf9b219a7b3c5d6d2fc90e\hibernate-core-6.1.7.Final.jar;C:\Users\user\.gradle\caches\modules-2\files-2.1\org.springframework.data\spring-data-jpa\3.0.4\a2f14d5216cd25bb3c1ea374d4d7c06663525268\spring-data-jpa-3.0.4.jar;C:\Users\user\.gradle\caches\modules-2\files-2.1\org.springframework\spring-aspects\6.0.7\1b4656c722d3a73640ebf9d730f4f4433ceb3204\spring-aspects-6.0.7.jar;C:\Users\user\.gradle\caches\modules-2\files-2.1\org.springframework.boot\spring-boot-starter-json\3.0.5\d9b191badbcc63083770ba111f9290e45e512a54\spring-boot-starter-json-3.0.5.jar;C:\Users\user\.gradle\caches\modules-2\files-2.1\org.springframework.boot\spring-boot-starter\3.0.5\5d13714accd45b2b1af0d5de1495b2ed9a49fe89\spring-boot-starter-3.0.5.jar;C:\Users\user\.gradle\caches\modules-2\files-2.1\org.thymeleaf\thymeleaf-spring6\3.1.1.RELEASE\deb52ef921a4ac5132fedb7ebfc2bc1dad4382b3\thymeleaf-spring6-3.1.1.RELEASE.jar;C:\Users\user\.gradle\caches\modules-2\files-2.1\org.springframework.boot\spring-boot-starter-tomcat\3.0.5\5dd71e501f2be01a359ef7187e28a523379c23f2\spring-boot-starter-tomcat-3.0.5.jar;C:\Users\user\.gradle\caches\modules-2\files-2.1\org.springframework\spring-webmvc\6.0.7\2fdde1a0d3706a85fe318a4f6ebffb4f4f7c4c6d\spring-webmvc-6.0.7.jar;C:\Users\user\.gradle\caches\modules-2\files-2.1\org.springframework\spring-web\6.0.7\43f8ac9c46c15d57fca00fc81ce1f2849f6cecb9\spring-web-6.0.7.jar;C:\Users\user\.gradle\caches\modules-2\files-2.1\com.mysql\mysql-connector-j\8.0.32\41ec3f8cdaccf6c46a47d7cd628eeb59a926d9d4\mysql-connector-j-8.0.32.jar;C:\Users\user\.gradle\caches\modules-2\files-2.1\org.springframework.boot\spring-boot-test-autoconfigure\3.0.5\8abab8961ac6a634a9bb1edea4182ab54297c947\spring-boot-test-autoconfigure-3.0.5.jar;C:\Users\user\.gradle\caches\modules-2\files-2.1\org.springframework.boot\spring-boot-test\3.0.5\2895ed0f90fc2a52fc27172f678ce05c1c256b37\spring-boot-test-3.0.5.jar;C:\Users\user\.gradle\caches\modules-2\files-2.1\com.jayway.jsonpath\json-path\2.7.0\f9d7d9659f2694e61142046ff8a216c047f263e8\json-path-2.7.0.jar;C:\Users\user\.gradle\caches\modules-2\files-2.1\org.glassfish.jaxb\jaxb-runtime\4.0.2\e4e4e0c5b0d42054d00dc4023901572a60d368c7\jaxb-runtime-4.0.2.jar;C:\Users\user\.gradle\caches\modules-2\files-2.1\org.glassfish.jaxb\jaxb-core\4.0.2\8c29249f6c10f4ee08967783831580b0f5c5360\jaxb-core-4.0.2.jar;C:\Users\user\.gradle\caches\modules-2\files-2.1\jakarta.xml.bind\jakarta.xml.bind-api\4.0.0\bbb399208d288b15ec101fa4fcfc4bd77cedc97a\jakarta.xml.bind-api-4.0.0.jar;C:\Users\user\.gradle\caches\modules-2\files-2.1\org.assertj\assertj-core\3.23.1\d2bb60570f5b3d7ffa8f8000118c9c07b86eca93\assertj-core-3.23.1.jar;C:\Users\user\.gradle\caches\modules-2\files-2.1\org.hamcrest\hamcrest\2.2\1820c0968dba3a11a1b30669bb1f01978a91dedc\hamcrest-2.2.jar;C:\Users\user\.gradle\caches\modules-2\files-2.1\org.mockito\mockito-junit-jupiter\4.8.1\e393aa62eca2244a535b03842843f2f199343d1f\mockito-junit-jupiter-4.8.1.jar;C:\Users\user\.gradle\caches\modules-2\files-2.1\org.junit.jupiter\junit-jupiter-params\5.9.2\bc2765afb7b85b583c710dd259a11c6b8c39e912\junit-jupiter-params-5.9.2.jar;C:\Users\user\.gradle\caches\modules-2\files-2.1\org.junit.jupiter\junit-jupiter-engine\5.9.2\572f7a553b53f83ee59cc045ce1c3772864ab76c\junit-jupiter-engine-5.9.2.jar;C:\Users\user\.gradle\caches\modules-2\files-2.1\org.junit.jupiter\junit-jupiter-api\5.9.2\fed843581520eac594bc36bb4b0f55e7b947dda9\junit-jupiter-api-5.9.2.jar;C:\Users\user\.gradle\caches\modules-2\files-2.1\org.junit.platform\junit-platform-engine\1.9.2\40aeef2be7b04f96bb91e8b054affc28b7c7c935\junit-platform-engine-1.9.2.jar;C:\Users\user\.gradle\caches\modules-2\files-2.1\org.junit.platform\junit-platform-commons\1.9.2\6f9f8621d8230cd38aa42e58ccbc0c00569131ce\junit-platform-commons-1.9.2.jar;C:\Users\user\.gradle\caches\modules-2\files-2.1\org.junit.jupiter\junit-jupiter\5.9.2\26c586fbe0ebd81b48c9f11f0d998124248697ae\junit-jupiter-5.9.2.jar;C:\Users\user\.gradle\caches\modules-2\files-2.1\org.mockito\mockito-core\4.8.1\d8eb9dec8747d08645347bb8c69088ac83197975\mockito-core-4.8.1.jar;C:\Users\user\.gradle\caches\modules-2\files-2.1\org.skyscreamer\jsonassert\1.5.1\6d842d0faf4cf6725c509a5e5347d319ee0431c3\jsonassert-1.5.1.jar;C:\Users\user\.gradle\caches\modules-2\files-2.1\org.springframework\spring-test\6.0.7\c0734c4b554ee485b80cdf193f9b9f5e201d29ae\spring-test-6.0.7.jar;C:\Users\user\.gradle\caches\modules-2\files-2.1\org.springframework.boot\spring-boot-autoconfigure\3.0.5\fa43d48c30a0105562ac8b0fb34e58deaa19737c\spring-boot-autoconfigure-3.0.5.jar;C:\Users\user\.gradle\caches\modules-2\files-2.1\org.springframework.boot\spring-boot\3.0.5\a2aea9c55893accab2c9f3a987b5b58b277bfd42\spring-boot-3.0.5.jar;C:\Users\user\.gradle\caches\modules-2\files-2.1\org.springframework\spring-context\6.0.7\439a4cc348c87014fa7ae7d20c6498a10283a6cf\spring-context-6.0.7.jar;C:\Users\user\.gradle\caches\modules-2\files-2.1\org.springframework\spring-aop\6.0.7\d5b0bb68c88a4027d8e5d42f438088db86f29660\spring-aop-6.0.7.jar;C:\Users\user\.gradle\caches\modules-2\files-2.1\org.springframework\spring-orm\6.0.7\7e9220ca1c760920b4c9e21ac1011692eaf3240f\spring-orm-6.0.7.jar;C:\Users\user\.gradle\caches\modules-2\files-2.1\org.springframework\spring-jdbc\6.0.7\a9ae58a5b4d1e233514528dff570b6601fd5eec6\spring-jdbc-6.0.7.jar;C:\Users\user\.gradle\caches\modules-2\files-2.1\org.springframework.data\spring-data-commons\3.0.4\3fb1dacb8a71a36b73a3f1ad22cc8cd3932420b3\spring-data-commons-3.0.4.jar;C:\Users\user\.gradle\caches\modules-2\files-2.1\org.springframework\spring-tx\6.0.7\d062bbaf50e4acb24edda5202a9732fee38e978b\spring-tx-6.0.7.jar;C:\Users\user\.gradle\caches\modules-2\files-2.1\org.springframework\spring-beans\6.0.7\1abeec454cd1a2a40cff11ed5c388228eb021871\spring-beans-6.0.7.jar;C:\Users\user\.gradle\caches\modules-2\files-2.1\org.springframework\spring-expression\6.0.7\c9c93c88d35d02a0291ad7051065544fc0b674a3\spring-expression-6.0.7.jar;C:\Users\user\.gradle\caches\modules-2\files-2.1\org.springframework\spring-core\6.0.7\33ad624acd55c846ec56fd65bd954b23fb2681b3\spring-core-6.0.7.jar;C:\Users\user\.gradle\caches\modules-2\files-2.1\org.xmlunit\xmlunit-core\2.9.1\e5833662d9a1279a37da3ef6f62a1da29fcd68c4\xmlunit-core-2.9.1.jar;C:\Users\user\.gradle\caches\modules-2\files-2.1\org.aspectj\aspectjweaver\1.9.19\afbffb1210239fbba5cad73093c5b216d515838f\aspectjweaver-1.9.19.jar;C:\Users\user\.gradle\caches\modules-2\files-2.1\com.zaxxer\HikariCP\5.0.1\a74c7f0a37046846e88d54f7cb6ea6d565c65f9c\HikariCP-5.0.1.jar;C:\Users\user\.gradle\caches\modules-2\files-2.1\jakarta.persistence\jakarta.persistence-api\3.1.0\66901fa1c373c6aff65c13791cc11da72060a8d6\jakarta.persistence-api-3.1.0.jar;C:\Users\user\.gradle\caches\modules-2\files-2.1\jakarta.transaction\jakarta.transaction-api\2.0.1\51a520e3fae406abb84e2e1148e6746ce3f80a1a\jakarta.transaction-api-2.0.1.jar;C:\Users\user\.gradle\caches\modules-2\files-2.1\org.jboss.logging\jboss-logging\3.5.0.Final\c19307cc11f28f5e2679347e633a3294d865334d\jboss-logging-3.5.0.Final.jar;C:\Users\user\.gradle\caches\modules-2\files-2.1\org.hibernate.common\hibernate-commons-annotations\6.0.6.Final\77a5f94b56d49508e0ee334751db5b78e5ccd50c\hibernate-commons-annotations-6.0.6.Final.jar;C:\Users\user\.gradle\caches\modules-2\files-2.1\org.jboss\jandex\2.4.2.Final\1e1c385990b258ff1a24c801e84aebbacf70eb39\jandex-2.4.2.Final.jar;C:\Users\user\.gradle\caches\modules-2\files-2.1\com.fasterxml\classmate\1.5.1\3fe0bed568c62df5e89f4f174c101eab25345b6c\classmate-1.5.1.jar;C:\Users\user\.gradle\caches\modules-2\files-2.1\net.bytebuddy\byte-buddy\1.12.23\d470526e8c4566c04e9ae5d3ccb62d1a7aa58986\byte-buddy-1.12.23.jar;C:\Users\user\.gradle\caches\modules-2\files-2.1\jakarta.inject\jakarta.inject-api\2.0.0\46fc8560b6fd17b78396d88f39c1a730457671f0\jakarta.inject-api-2.0.0.jar;C:\Users\user\.gradle\caches\modules-2\files-2.1\org.antlr\antlr4-runtime\4.10.1\10839f875928f59c622d675091d51a43ea0dc5f7\antlr4-runtime-4.10.1.jar;C:\Users\user\.gradle\caches\modules-2\files-2.1\jakarta.annotation\jakarta.annotation-api\2.1.1\48b9bda22b091b1f48b13af03fe36db3be6e1ae3\jakarta.annotation-api-2.1.1.jar;C:\Users\user\.gradle\caches\modules-2\files-2.1\org.thymeleaf\thymeleaf\3.1.1.RELEASE\374a129dfa5e7d7f1a46eacc4d49e594ca0cf26f\thymeleaf-3.1.1.RELEASE.jar;C:\Users\user\.gradle\caches\modules-2\files-2.1\org.springframework.boot\spring-boot-starter-logging\3.0.5\693455577f6f8c8a53f5992479358e955df74920\spring-boot-starter-logging-3.0.5.jar;C:\Users\user\.gradle\caches\modules-2\files-2.1\ch.qos.logback\logback-classic\1.4.6\61f81fe5d996f077f90a08ff5ca75d01dbe752c3\logback-classic-1.4.6.jar;C:\Users\user\.gradle\caches\modules-2\files-2.1\org.apache.logging.log4j\log4j-to-slf4j\2.19.0\30f4812e43172ecca5041da2cb6b965cc4777c19\log4j-to-slf4j-2.19.0.jar;C:\Users\user\.gradle\caches\modules-2\files-2.1\org.slf4j\jul-to-slf4j\2.0.7\a48f44aeaa8a5ddc347007298a28173ac1fbbd8b\jul-to-slf4j-2.0.7.jar;C:\Users\user\.gradle\caches\modules-2\files-2.1\org.slf4j\slf4j-api\2.0.7\41eb7184ea9d556f23e18b5cb99cad1f8581fc00\slf4j-api-2.0.7.jar;C:\Users\user\.gradle\caches\modules-2\files-2.1\org.yaml\snakeyaml\1.33\2cd0a87ff7df953f810c344bdf2fe3340b954c69\snakeyaml-1.33.jar;C:\Users\user\.gradle\caches\modules-2\files-2.1\com.fasterxml.jackson.datatype\jackson-datatype-jsr310\2.14.2\796518148a385b2728d44886cc0f8852eb8eeb53\jackson-datatype-jsr310-2.14.2.jar;C:\Users\user\.gradle\caches\modules-2\files-2.1\com.fasterxml.jackson.module\jackson-module-parameter-names\2.14.2\2b6c19b3d99dda02915515df879ab9e23fed3864\jackson-module-parameter-names-2.14.2.jar;C:\Users\user\.gradle\caches\modules-2\files-2.1\com.fasterxml.jackson.core\jackson-annotations\2.14.2\a7aae9525864930723e3453ab799521fdfd9d873\jackson-annotations-2.14.2.jar;C:\Users\user\.gradle\caches\modules-2\files-2.1\com.fasterxml.jackson.core\jackson-core\2.14.2\f804090e6399ce0cf78242db086017512dd71fcc\jackson-core-2.14.2.jar;C:\Users\user\.gradle\caches\modules-2\files-2.1\com.fasterxml.jackson.datatype\jackson-datatype-jdk8\2.14.2\2f3c71211b6ea7a978eba33574d7135d536e07fb\jackson-datatype-jdk8-2.14.2.jar;C:\Users\user\.gradle\caches\modules-2\files-2.1\com.fasterxml.jackson.core\jackson-databind\2.14.2\1e71fddbc80bb86f71a6345ac1e8ab8a00e7134\jackson-databind-2.14.2.jar;C:\Users\user\.gradle\caches\modules-2\files-2.1\org.apache.tomcat.embed\tomcat-embed-websocket\10.1.7\2dbb5446ecea57d97293e041142534ad314580ea\tomcat-embed-websocket-10.1.7.jar;C:\Users\user\.gradle\caches\modules-2\files-2.1\org.apache.tomcat.embed\tomcat-embed-core\10.1.7\d486363d49c6536556af38d7e1052d56a39319e5\tomcat-embed-core-10.1.7.jar;C:\Users\user\.gradle\caches\modules-2\files-2.1\org.apache.tomcat.embed\tomcat-embed-el\10.1.7\dfaad36190c21beaaefb932333f7d955165810bb\tomcat-embed-el-10.1.7.jar;C:\Users\user\.gradle\caches\modules-2\files-2.1\io.micrometer\micrometer-observation\1.10.5\88cc220b1480ff39d1744f0413711e82701686a4\micrometer-observation-1.10.5.jar;C:\Users\user\.gradle\caches\modules-2\files-2.1\net.minidev\json-smart\2.4.10\91cb329e9424bf32131eeb1ce2d17bf31b9899bc\json-smart-2.4.10.jar;C:\Users\user\.gradle\caches\modules-2\files-2.1\org.eclipse.angus\angus-activation\2.0.0\72369f4e2314d38de2dcbb277141ef0226f73151\angus-activation-2.0.0.jar;C:\Users\user\.gradle\caches\modules-2\files-2.1\jakarta.activation\jakarta.activation-api\2.1.1\88c774ab863a21fb2fc4219af95379fafe499a31\jakarta.activation-api-2.1.1.jar;C:\Users\user\.gradle\caches\modules-2\files-2.1\net.bytebuddy\byte-buddy-agent\1.12.23\1cba11fdb72c383edacb909f79ae6870efd275e4\byte-buddy-agent-1.12.23.jar;C:\Users\user\.gradle\caches\modules-2\files-2.1\org.objenesis\objenesis\3.2\7fadf57620c8b8abdf7519533e5527367cb51f09\objenesis-3.2.jar;C:\Users\user\.gradle\caches\modules-2\files-2.1\com.vaadin.external.google\android-json\0.0.20131108.vaadin1\fa26d351fe62a6a17f5cda1287c1c6110dec413f\android-json-0.0.20131108.vaadin1.jar;C:\Users\user\.gradle\caches\modules-2\files-2.1\org.springframework\spring-jcl\6.0.7\6250e61ccf71b83204669e0501533278ef7888f8\spring-jcl-6.0.7.jar;C:\Users\user\.gradle\caches\modules-2\files-2.1\org.attoparser\attoparser\2.0.6.RELEASE\8f603f22a18d4f7258f8860ccbb68b069f49904a\attoparser-2.0.6.RELEASE.jar;C:\Users\user\.gradle\caches\modules-2\files-2.1\org.unbescape\unbescape\1.1.6.RELEASE\7b90360afb2b860e09e8347112800d12c12b2a13\unbescape-1.1.6.RELEASE.jar;C:\Users\user\.gradle\caches\modules-2\files-2.1\io.micrometer\micrometer-commons\1.10.5\bb78821020b0e6008e62ee919702b8d4249794d5\micrometer-commons-1.10.5.jar;C:\Users\user\.gradle\caches\modules-2\files-2.1\net.minidev\accessors-smart\2.4.9\32e540749224c22c9b17de8137e916aae9057e22\accessors-smart-2.4.9.jar;C:\Users\user\.gradle\caches\modules-2\files-2.1\org.opentest4j\opentest4j\1.2.0\28c11eb91f9b6d8e200631d46e20a7f407f2a046\opentest4j-1.2.0.jar;C:\Users\user\.gradle\caches\modules-2\files-2.1\org.glassfish.jaxb\txw2\4.0.2\24e167be69c29ebb7ee0a3b1f9b546f1dfd111fc\txw2-4.0.2.jar;C:\Users\user\.gradle\caches\modules-2\files-2.1\com.sun.istack\istack-commons-runtime\4.1.1\9b3769c76235bc283b060da4fae2318c6d53f07e\istack-commons-runtime-4.1.1.jar;C:\Users\user\.gradle\caches\modules-2\files-2.1\ch.qos.logback\logback-core\1.4.6\c4eb386f0fe83d61c2e8a91df50bb07e7ea95140\logback-core-1.4.6.jar;C:\Users\user\.g
[...]
         - @ConditionalOnClass did not find required class 'org.springframework.security.config.annotation.web.configuration.EnableWebSecurity' (OnClassCondition)

   OAuth2ResourceServerAutoConfiguration:
      Did not match:
         - @ConditionalOnClass did not find required class 'org.springframework.security.oauth2.server.resource.authentication.BearerTokenAuthenticationToken' (OnClassCondition)

   ProjectInfoAutoConfiguration#buildProperties:
      Did not match:
         - @ConditionalOnResource did not find resource '${spring.info.build.location:classpath:META-INF/build-info.properties}' (OnResourceCondition)

   ProjectInfoAutoConfiguration#gitProperties:
      Did not match:
         - GitResource did not find git info at classpath:git.properties (ProjectInfoAutoConfiguration.GitResourceAvailableCondition)

   QuartzAutoConfiguration:
      Did not match:
         - @ConditionalOnClass did not find required class 'org.quartz.Scheduler' (OnClassCondition)

   R2dbcAutoConfiguration:
      Did not match:
         - @ConditionalOnClass did not find required class 'io.r2dbc.spi.ConnectionFactory' (OnClassCondition)

   R2dbcDataAutoConfiguration:
      Did not match:
         - @ConditionalOnClass did not find required class 'org.springframework.data.r2dbc.core.R2dbcEntityTemplate' (OnClassCondition)

   R2dbcInitializationConfiguration:
      Did not match:
         - @ConditionalOnClass did not find required classes 'io.r2dbc.spi.ConnectionFactory', 'org.springframework.r2dbc.connection.init.DatabasePopulator' (OnClassCondition)

   R2dbcRepositoriesAutoConfiguration:
      Did not match:
         - @ConditionalOnClass did not find required class 'io.r2dbc.spi.ConnectionFactory' (OnClassCondition)

   R2dbcTransactionManagerAutoConfiguration:
      Did not match:
         - @ConditionalOnClass did not find required class 'org.springframework.r2dbc.connection.R2dbcTransactionManager' (OnClassCondition)

   RSocketGraphQlClientAutoConfiguration:
      Did not match:
         - @ConditionalOnClass did not find required class 'graphql.GraphQL' (OnClassCondition)

   RSocketMessagingAutoConfiguration:
      Did not match:
         - @ConditionalOnClass did not find required class 'io.rsocket.RSocket' (OnClassCondition)

   RSocketRequesterAutoConfiguration:
      Did not match:
         - @ConditionalOnClass did not find required class 'io.rsocket.RSocket' (OnClassCondition)

   RSocketSecurityAutoConfiguration:
      Did not match:
         - @ConditionalOnClass did not find required class 'org.springframework.security.rsocket.core.SecuritySocketAcceptorInterceptor' (OnClassCondition)

   RSocketServerAutoConfiguration:
      Did not match:
         - @ConditionalOnClass did not find required class 'io.rsocket.core.RSocketServer' (OnClassCondition)

   RSocketStrategiesAutoConfiguration:
      Did not match:
         - @ConditionalOnClass did not find required class 'io.netty.buffer.PooledByteBufAllocator' (OnClassCondition)

   RabbitAutoConfiguration:
      Did not match:
         - @ConditionalOnClass did not find required class 'com.rabbitmq.client.Channel' (OnClassCondition)

   ReactiveElasticsearchClientAutoConfiguration:
      Did not match:
         - @ConditionalOnClass did not find required class 'co.elastic.clients.transport.ElasticsearchTransport' (OnClassCondition)

   ReactiveElasticsearchRepositoriesAutoConfiguration:
      Did not match:
         - @ConditionalOnClass did not find required class 'org.springframework.data.elasticsearch.client.elc.ReactiveElasticsearchClient' (OnClassCondition)

   ReactiveMultipartAutoConfiguration:
      Did not match:
         - @ConditionalOnClass did not find required class 'org.springframework.web.reactive.config.WebFluxConfigurer' (OnClassCondition)

   ReactiveOAuth2ClientAutoConfiguration:
      Did not match:
         - @ConditionalOnClass did not find required class 'reactor.core.publisher.Flux' (OnClassCondition)

   ReactiveOAuth2ResourceServerAutoConfiguration:
      Did not match:
         - @ConditionalOnClass did not find required class 'org.springframework.security.config.annotation.web.reactive.EnableWebFluxSecurity' (OnClassCondition)

   ReactiveSecurityAutoConfiguration:
      Did not match:
         - @ConditionalOnClass did not find required class 'reactor.core.publisher.Flux' (OnClassCondition)

   ReactiveUserDetailsServiceAutoConfiguration:
      Did not match:
         - @ConditionalOnClass did not find required class 'org.springframework.security.authentication.ReactiveAuthenticationManager' (OnClassCondition)

   ReactiveWebServerFactoryAutoConfiguration:
      Did not match:
         - @ConditionalOnWebApplication did not find reactive web application classes (OnWebApplicationCondition)

   RedisAutoConfiguration:
      Did not match:
         - @ConditionalOnClass did not find required class 'org.springframework.data.redis.core.RedisOperations' (OnClassCondition)

   RedisCacheConfiguration:
      Did not match:
         - @ConditionalOnClass did not find required class 'org.springframework.data.redis.connection.RedisConnectionFactory' (OnClassCondition)

   RedisReactiveAutoConfiguration:
      Did not match:
         - @ConditionalOnClass did not find required class 'reactor.core.publisher.Flux' (OnClassCondition)

   RedisRepositoriesAutoConfiguration:
      Did not match:
         - @ConditionalOnClass did not find required class 'org.springframework.data.redis.repository.configuration.EnableRedisRepositories' (OnClassCondition)

   RepositoryRestMvcAutoConfiguration:
      Did not match:
         - @ConditionalOnClass did not find required class 'org.springframework.data.rest.webmvc.config.RepositoryRestMvcConfiguration' (OnClassCondition)

   Saml2RelyingPartyAutoConfiguration:
      Did not match:
         - @ConditionalOnClass did not find required class 'org.springframework.security.saml2.provider.service.registration.RelyingPartyRegistrationRepository' (OnClassCondition)

   SecurityAutoConfiguration:
      Did not match:
         - @ConditionalOnClass did not find required class 'org.springframework.security.authentication.DefaultAuthenticationEventPublisher' (OnClassCondition)

   SecurityFilterAutoConfiguration:
      Did not match:
         - @ConditionalOnClass did not find required class 'org.springframework.security.config.http.SessionCreationPolicy' (OnClassCondition)

   SendGridAutoConfiguration:
      Did not match:
         - @ConditionalOnClass did not find required class 'com.sendgrid.SendGrid' (OnClassCondition)

   ServletWebServerFactoryAutoConfiguration.ForwardedHeaderFilterConfiguration:
      Did not match:
         - @ConditionalOnProperty (server.forward-headers-strategy=framework) did not find property 'server.forward-headers-strategy' (OnPropertyCondition)

   ServletWebServerFactoryConfiguration.EmbeddedJetty:
      Did not match:
         - @ConditionalOnClass did not find required classes 'org.eclipse.jetty.server.Server', 'org.eclipse.jetty.util.Loader', 'org.eclipse.jetty.webapp.WebAppContext' (OnClassCondition)

   ServletWebServerFactoryConfiguration.EmbeddedUndertow:
      Did not match:
         - @ConditionalOnClass did not find required classes 'io.undertow.Undertow', 'org.xnio.SslClientAuthMode' (OnClassCondition)

   SessionAutoConfiguration:
      Did not match:
         - @ConditionalOnClass did not find required class 'org.springframework.session.Session' (OnClassCondition)

   SpringApplicationAdminJmxAutoConfiguration:
      Did not match:
         - @ConditionalOnProperty (spring.application.admin.enabled=true) did not find property 'enabled' (OnPropertyCondition)

   TaskSchedulingAutoConfiguration#scheduledBeanLazyInitializationExcludeFilter:
      Did not match:
         - @ConditionalOnBean (names: org.springframework.context.annotation.internalScheduledAnnotationProcessor; SearchStrategy: all) did not find any beans named org.springframework.context.annotation.internalScheduledAnnotationProcessor (OnBeanCondition)

   TaskSchedulingAutoConfiguration#taskScheduler:
      Did not match:
         - @ConditionalOnBean (names: org.springframework.context.annotation.internalScheduledAnnotationProcessor; SearchStrategy: all) did not find any beans named org.springframework.context.annotation.internalScheduledAnnotationProcessor (OnBeanCondition)

   TemplateEngineConfigurations.ReactiveTemplateEngineConfiguration:
      Did not match:
         - did not find reactive web application classes (OnWebApplicationCondition)

   ThymeleafAutoConfiguration.DataAttributeDialectConfiguration:
      Did not match:
         - @ConditionalOnClass did not find required class 'com.github.mxab.thymeleaf.extras.dataattribute.dialect.DataAttributeDialect' (OnClassCondition)

   ThymeleafAutoConfiguration.ThymeleafSecurityDialectConfiguration:
      Did not match:
         - @ConditionalOnClass did not find required classes 'org.thymeleaf.extras.springsecurity6.dialect.SpringSecurityDialect', 'org.springframework.security.web.server.csrf.CsrfToken' (OnClassCondition)

   ThymeleafAutoConfiguration.ThymeleafWebFluxConfiguration:
      Did not match:
         - did not find reactive web application classes (OnWebApplicationCondition)

   ThymeleafAutoConfiguration.ThymeleafWebLayoutConfiguration:
      Did not match:
         - @ConditionalOnClass did not find required class 'nz.net.ultraq.thymeleaf.layoutdialect.LayoutDialect' (OnClassCondition)

   ThymeleafAutoConfiguration.ThymeleafWebMvcConfiguration#resourceUrlEncodingFilter:
      Did not match:
         - @ConditionalOnEnabledResourceChain did not find class org.webjars.WebJarAssetLocator (OnEnabledResourceChainCondition)

   TransactionAutoConfiguration#transactionalOperator:
      Did not match:
         - @ConditionalOnSingleCandidate (types: org.springframework.transaction.ReactiveTransactionManager; SearchStrategy: all) did not find any beans (OnBeanCondition)

   TransactionAutoConfiguration.EnableTransactionManagementConfiguration.JdkDynamicAutoProxyConfiguration:
      Did not match:
         - @ConditionalOnProperty (spring.aop.proxy-target-class=false) did not find property 'proxy-target-class' (OnPropertyCondition)

   UserDetailsServiceAutoConfiguration:
      Did not match:
         - @ConditionalOnClass did not find required class 'org.springframework.security.authentication.AuthenticationManager' (OnClassCondition)

   ValidationAutoConfiguration:
      Did not match:
         - @ConditionalOnClass did not find required class 'jakarta.validation.executable.ExecutableValidator' (OnClassCondition)

   WebClientAutoConfiguration:
      Did not match:
         - @ConditionalOnClass did not find required class 'org.springframework.web.reactive.function.client.WebClient' (OnClassCondition)

   WebFluxAutoConfiguration:
      Did not match:
         - @ConditionalOnClass did not find required class 'org.springframework.web.reactive.config.WebFluxConfigurer' (OnClassCondition)

   WebMvcAutoConfiguration#hiddenHttpMethodFilter:
      Did not match:
         - @ConditionalOnProperty (spring.mvc.hiddenmethod.filter.enabled) did not find property 'enabled' (OnPropertyCondition)

   WebMvcAutoConfiguration.ProblemDetailsErrorHandlingConfiguration:
      Did not match:
         - @ConditionalOnProperty (spring.mvc.problemdetails.enabled=true) did not find property 'enabled' (OnPropertyCondition)

   WebMvcAutoConfiguration.ResourceChainCustomizerConfiguration:
      Did not match:
         - @ConditionalOnEnabledResourceChain did not find class org.webjars.WebJarAssetLocator (OnEnabledResourceChainCondition)

   WebMvcAutoConfiguration.WebMvcAutoConfigurationAdapter#beanNameViewResolver:
      Did not match:
         - @ConditionalOnMissingBean (types: org.springframework.web.servlet.view.BeanNameViewResolver; SearchStrategy: all) found beans of type 'org.springframework.web.servlet.view.BeanNameViewResolver' beanNameViewResolver (OnBeanCondition)

   WebServiceTemplateAutoConfiguration:
      Did not match:
         - @ConditionalOnClass did not find required class 'org.springframework.oxm.Marshaller' (OnClassCondition)

   WebServicesAutoConfiguration:
      Did not match:
         - @ConditionalOnClass did not find required class 'org.springframework.ws.transport.http.MessageDispatcherServlet' (OnClassCondition)

   WebSessionIdResolverAutoConfiguration:
      Did not match:
         - @ConditionalOnClass did not find required class 'reactor.core.publisher.Mono' (OnClassCondition)

   WebSocketMessagingAutoConfiguration:
      Did not match:
         - @ConditionalOnClass did not find required class 'org.springframework.web.socket.config.annotation.WebSocketMessageBrokerConfigurer' (OnClassCondition)

   WebSocketReactiveAutoConfiguration:
      Did not match:
         - @ConditionalOnWebApplication did not find reactive web application classes (OnWebApplicationCondition)

   WebSocketServletAutoConfiguration.JettyWebSocketConfiguration:
      Did not match:
         - @ConditionalOnClass did not find required class 'org.eclipse.jetty.websocket.jakarta.server.config.JakartaWebSocketServletContainerInitializer' (OnClassCondition)

   WebSocketServletAutoConfiguration.UndertowWebSocketConfiguration:
      Did not match:
         - @ConditionalOnClass did not find required class 'io.undertow.websockets.jsr.Bootstrap' (OnClassCondition)

   XADataSourceAutoConfiguration:
      Did not match:
         - @ConditionalOnBean (types: org.springframework.boot.jdbc.XADataSourceWrapper; SearchStrategy: all) did not find any beans of type org.springframework.boot.jdbc.XADataSourceWrapper (OnBeanCondition)
      Matched:
         - @ConditionalOnClass found required classes 'javax.sql.DataSource', 'jakarta.transaction.TransactionManager', 'org.springframework.jdbc.datasource.embedded.EmbeddedDatabaseType' (OnClassCondition)


Exclusions:
-----------

    None


Unconditional classes:
----------------------

    org.springframework.boot.autoconfigure.context.ConfigurationPropertiesAutoConfiguration

    org.springframework.boot.autoconfigure.context.LifecycleAutoConfiguration

    org.springframework.boot.autoconfigure.context.PropertyPlaceholderAutoConfiguration

    org.springframework.boot.autoconfigure.availability.ApplicationAvailabilityAutoConfiguration

    org.springframework.boot.autoconfigure.info.ProjectInfoAutoConfiguration



2024-12-10T23:51:02.025+08:00  INFO 19564 --- [    Test worker] .e.s.SmartContactManagerApplicationTests : Started SmartContactManagerApplicationTests in 4.434 seconds (process running for 5.683)
2024-12-10T23:51:02.029+08:00 DEBUG 19564 --- [    Test worker] o.s.b.a.ApplicationAvailabilityBean      : Application availability state LivenessState changed to CORRECT
2024-12-10T23:51:02.032+08:00 DEBUG 19564 --- [    Test worker] o.s.b.a.ApplicationAvailabilityBean      : Application availability state ReadinessState changed to ACCEPTING_TRAFFIC
2024-12-10T23:51:02.035+08:00 DEBUG 19564 --- [    Test worker] org.springframework.test.context.cache   : Spring test ApplicationContext cache statistics: [DefaultContextCache@20a46227 size = 1, maxSize = 32, parentContextCount = 0, hitCount = 0, missCount = 1]
2024-12-10T23:51:02.035+08:00 DEBUG 19564 --- [    Test worker] o.s.t.c.w.ServletTestExecutionListener   : Setting up MockHttpServletRequest, MockHttpServletResponse, ServletWebRequest, and RequestContextHolder for test class com.example.smsw.SmartContactManagerApplicationTests
2024-12-10T23:51:02.055+08:00 DEBUG 19564 --- [    Test worker] DependencyInjectionTestExecutionListener : Performing dependency injection for test class com.example.smsw.SmartContactManagerApplicationTests
2024-12-10T23:51:02.055+08:00 DEBUG 19564 --- [    Test worker] org.springframework.test.context.cache   : Spring test ApplicationContext cache statistics: [DefaultContextCache@20a46227 size = 1, maxSize = 32, parentContextCount = 0, hitCount = 1, missCount = 1]
2024-12-10T23:51:02.057+08:00 DEBUG 19564 --- [    Test worker] org.springframework.test.context.cache   : Spring test ApplicationContext cache statistics: [DefaultContextCache@20a46227 size = 1, maxSize = 32, parentContextCount = 0, hitCount = 2, missCount = 1]
2024-12-10T23:51:02.062+08:00 DEBUG 19564 --- [    Test worker] tractDirtiesContextTestExecutionListener : Before test method: class [SmartContactManagerApplicationTests], method [contextLoads], class annotated with @DirtiesContext [false] with mode [null], method annotated with @DirtiesContext [false] with mode [null]
2024-12-10T23:51:02.067+08:00 DEBUG 19564 --- [    Test worker] org.springframework.test.context.cache   : Spring test ApplicationContext cache statistics: [DefaultContextCache@20a46227 size = 1, maxSize = 32, parentContextCount = 0, hitCount = 3, missCount = 1]
2024-12-10T23:51:02.068+08:00 DEBUG 19564 --- [    Test worker] org.springframework.test.context.cache   : Spring test ApplicationContext cache statistics: [DefaultContextCache@20a46227 size = 1, maxSize = 32, parentContextCount = 0, hitCount = 4, missCount = 1]
2024-12-10T23:51:02.248+08:00 DEBUG 19564 --- [    Test worker] org.springframework.test.context.cache   : Spring test ApplicationContext cache statistics: [DefaultContextCache@20a46227 size = 1, maxSize = 32, parentContextCount = 0, hitCount = 5, missCount = 1]
2024-12-10T23:51:02.253+08:00 DEBUG 19564 --- [    Test worker] org.springframework.test.context.cache   : Spring test ApplicationContext cache statistics: [DefaultContextCache@20a46227 size = 1, maxSize = 32, parentContextCount = 0, hitCount = 6, missCount = 1]
2024-12-10T23:51:02.254+08:00 DEBUG 19564 --- [    Test worker] org.springframework.test.context.cache   : Spring test ApplicationContext cache statistics: [DefaultContextCache@20a46227 size = 1, maxSize = 32, parentContextCount = 0, hitCount = 7, missCount = 1]
2024-12-10T23:51:02.255+08:00 DEBUG 19564 --- [    Test worker] org.springframework.test.context.cache   : Spring test ApplicationContext cache statistics: [DefaultContextCache@20a46227 size = 1, maxSize = 32, parentContextCount = 0, hitCount = 8, missCount = 1]
2024-12-10T23:51:02.255+08:00 DEBUG 19564 --- [    Test worker] org.springframework.test.context.cache   : Spring test ApplicationContext cache statistics: [DefaultContextCache@20a46227 size = 1, maxSize = 32, parentContextCount = 0, hitCount = 9, missCount = 1]
2024-12-10T23:51:02.256+08:00 DEBUG 19564 --- [    Test worker] org.springframework.test.context.cache   : Spring test ApplicationContext cache statistics: [DefaultContextCache@20a46227 size = 1, maxSize = 32, parentContextCount = 0, hitCount = 10, missCount = 1]
2024-12-10T23:51:02.258+08:00 DEBUG 19564 --- [    Test worker] org.springframework.test.context.cache   : Spring test ApplicationContext cache statistics: [DefaultContextCache@20a46227 size = 1, maxSize = 32, parentContextCount = 0, hitCount = 11, missCount = 1]
2024-12-10T23:51:02.258+08:00 DEBUG 19564 --- [    Test worker] tractDirtiesContextTestExecutionListener : After test method: class [SmartContactManagerApplicationTests], method [contextLoads], class annotated with @DirtiesContext [false] with mode [null], method annotated with @DirtiesContext [false] with mode [null]
2024-12-10T23:51:02.258+08:00 DEBUG 19564 --- [    Test worker] o.s.t.c.w.ServletTestExecutionListener   : Resetting RequestContextHolder for test class com.example.smsw.SmartContactManagerApplicationTests
2024-12-10T23:51:02.264+08:00 DEBUG 19564 --- [    Test worker] org.springframework.test.context.cache   : Spring test ApplicationContext cache statistics: [DefaultContextCache@20a46227 size = 1, maxSize = 32, parentContextCount = 0, hitCount = 12, missCount = 1]
2024-12-10T23:51:02.264+08:00 DEBUG 19564 --- [    Test worker] tractDirtiesContextTestExecutionListener : After test class: class [SmartContactManagerApplicationTests], class annotated with @DirtiesContext [false] with mode [null]
]]></system-out>
  <system-err><![CDATA[]]></system-err>
</testsuite>
